{"contracts/Array128Lib.sol":{"l":{"36":1,"37":1,"39":1,"62":1,"63":1,"65":1,"91":1,"92":1,"94":1,"129":14,"130":14,"194":1,"195":1,"202":31,"203":31,"209":1,"210":1,"211":1,"212":1,"213":1,"214":1,"215":1,"216":1,"217":1,"218":5,"219":5,"220":5,"221":7,"222":7,"223":7,"224":3,"225":7,"226":5,"227":7,"228":1,"230":6,"231":6,"232":6,"233":6,"234":6,"237":5,"238":1,"240":4,"242":1,"243":9,"244":9,"245":9,"246":9,"247":9,"248":9,"249":9,"250":14,"251":14,"252":14,"253":11,"254":14,"255":3,"256":14,"257":3,"259":11,"260":11,"261":11,"262":11,"263":11,"273":1,"274":1,"276":1,"277":10,"279":10,"280":3,"281":12,"284":3,"285":3,"286":3,"290":1},"path":"/Users/hackdom/Projects/ethereum-libraries-array-utils/contracts/Array128Lib.sol","s":{"1":1,"2":1,"3":31,"4":31,"5":1,"6":1,"7":1,"8":1,"9":1,"10":5,"11":5,"12":5,"13":7,"14":7,"15":7,"16":3,"17":7,"18":5,"19":7,"20":1,"21":6,"22":6,"23":6,"24":6,"25":6,"26":5,"27":4,"28":1,"29":9,"30":9,"31":9,"32":9,"33":9,"34":9,"35":9,"36":14,"37":14,"38":14,"39":11,"40":14,"41":3,"42":14,"43":3,"44":11,"45":11,"46":11,"47":11,"48":11,"49":1,"50":10,"51":10,"52":3,"53":12,"54":1},"b":{"1":[1,0],"2":[3,4],"3":[5,2],"4":[1,6],"5":[1,4],"6":[11,3],"7":[3,11],"8":[3,11],"9":[3,7]},"f":{"1":1,"2":1,"3":1,"4":14,"5":1,"6":31,"7":1,"8":1},"fnMap":{"1":{"name":"sumElements","line":35,"loc":{"start":{"line":35,"column":2},"end":{"line":35,"column":79}}},"2":{"name":"getMax","line":61,"loc":{"start":{"line":61,"column":2},"end":{"line":61,"column":79}}},"3":{"name":"getMin","line":90,"loc":{"start":{"line":90,"column":2},"end":{"line":90,"column":79}}},"4":{"name":"indexOf","line":125,"loc":{"start":{"line":125,"column":2},"end":{"line":128,"column":47}}},"5":{"name":"getParentI","line":193,"loc":{"start":{"line":193,"column":2},"end":{"line":193,"column":70}}},"6":{"name":"getLeftChildI","line":201,"loc":{"start":{"line":201,"column":2},"end":{"line":201,"column":74}}},"7":{"name":"heapSort","line":208,"loc":{"start":{"line":208,"column":2},"end":{"line":208,"column":50}}},"8":{"name":"uniq","line":272,"loc":{"start":{"line":272,"column":2},"end":{"line":272,"column":71}}}},"statementMap":{"1":{"start":{"line":194,"column":4},"end":{"line":194,"column":24}},"2":{"start":{"line":195,"column":4},"end":{"line":195,"column":11}},"3":{"start":{"line":202,"column":4},"end":{"line":202,"column":24}},"4":{"start":{"line":203,"column":4},"end":{"line":203,"column":14}},"5":{"start":{"line":209,"column":4},"end":{"line":209,"column":6549}},"6":{"start":{"line":210,"column":6},"end":{"line":210,"column":34}},"7":{"start":{"line":211,"column":6},"end":{"line":211,"column":36}},"8":{"start":{"line":212,"column":6},"end":{"line":212,"column":25}},"9":{"start":{"line":217,"column":6},"end":{"line":217,"column":6766}},"10":{"start":{"line":218,"column":8},"end":{"line":218,"column":19}},"11":{"start":{"line":219,"column":8},"end":{"line":219,"column":36}},"12":{"start":{"line":220,"column":8},"end":{"line":220,"column":6856}},"13":{"start":{"line":221,"column":10},"end":{"line":221,"column":28}},"14":{"start":{"line":222,"column":10},"end":{"line":222,"column":20}},"15":{"start":{"line":223,"column":10},"end":{"line":223,"column":6959}},"16":{"start":{"line":224,"column":12},"end":{"line":224,"column":24}},"17":{"start":{"line":225,"column":10},"end":{"line":225,"column":7026}},"18":{"start":{"line":226,"column":12},"end":{"line":226,"column":24}},"19":{"start":{"line":227,"column":10},"end":{"line":227,"column":7097}},"20":{"start":{"line":228,"column":12},"end":{"line":228,"column":25}},"21":{"start":{"line":230,"column":12},"end":{"line":230,"column":28}},"22":{"start":{"line":231,"column":12},"end":{"line":231,"column":34}},"23":{"start":{"line":232,"column":12},"end":{"line":232,"column":28}},"24":{"start":{"line":233,"column":12},"end":{"line":233,"column":22}},"25":{"start":{"line":234,"column":12},"end":{"line":234,"column":39}},"26":{"start":{"line":237,"column":8},"end":{"line":237,"column":7372}},"27":{"start":{"line":240,"column":10},"end":{"line":240,"column":26}},"28":{"start":{"line":242,"column":6},"end":{"line":242,"column":7439}},"29":{"start":{"line":243,"column":8},"end":{"line":243,"column":23}},"30":{"start":{"line":244,"column":8},"end":{"line":244,"column":26}},"31":{"start":{"line":245,"column":8},"end":{"line":245,"column":21}},"32":{"start":{"line":246,"column":8},"end":{"line":246,"column":20}},"33":{"start":{"line":247,"column":8},"end":{"line":247,"column":15}},"34":{"start":{"line":248,"column":8},"end":{"line":248,"column":32}},"35":{"start":{"line":249,"column":8},"end":{"line":249,"column":7620}},"36":{"start":{"line":250,"column":10},"end":{"line":250,"column":28}},"37":{"start":{"line":251,"column":10},"end":{"line":251,"column":20}},"38":{"start":{"line":252,"column":10},"end":{"line":252,"column":7723}},"39":{"start":{"line":253,"column":12},"end":{"line":253,"column":24}},"40":{"start":{"line":254,"column":10},"end":{"line":254,"column":7790}},"41":{"start":{"line":255,"column":12},"end":{"line":255,"column":24}},"42":{"start":{"line":256,"column":10},"end":{"line":256,"column":7861}},"43":{"start":{"line":257,"column":12},"end":{"line":257,"column":27}},"44":{"start":{"line":259,"column":12},"end":{"line":259,"column":28}},"45":{"start":{"line":260,"column":12},"end":{"line":260,"column":34}},"46":{"start":{"line":261,"column":12},"end":{"line":261,"column":28}},"47":{"start":{"line":262,"column":12},"end":{"line":262,"column":22}},"48":{"start":{"line":263,"column":12},"end":{"line":263,"column":39}},"49":{"start":{"line":276,"column":4},"end":{"line":276,"column":8359}},"50":{"start":{"line":277,"column":6},"end":{"line":277,"column":54}},"51":{"start":{"line":279,"column":6},"end":{"line":279,"column":8469}},"52":{"start":{"line":280,"column":8},"end":{"line":280,"column":8496}},"53":{"start":{"line":281,"column":10},"end":{"line":281,"column":30}},"54":{"start":{"line":290,"column":4},"end":{"line":290,"column":23}}},"branchMap":{"1":{"line":209,"type":"if","locations":[{"start":{"line":209,"column":4},"end":{"line":209,"column":4}},{"start":{"line":209,"column":4},"end":{"line":209,"column":4}}]},"2":{"line":223,"type":"if","locations":[{"start":{"line":223,"column":10},"end":{"line":223,"column":10}},{"start":{"line":223,"column":10},"end":{"line":223,"column":10}}]},"3":{"line":225,"type":"if","locations":[{"start":{"line":225,"column":10},"end":{"line":225,"column":10}},{"start":{"line":225,"column":10},"end":{"line":225,"column":10}}]},"4":{"line":227,"type":"if","locations":[{"start":{"line":227,"column":10},"end":{"line":227,"column":10}},{"start":{"line":227,"column":10},"end":{"line":227,"column":10}}]},"5":{"line":237,"type":"if","locations":[{"start":{"line":237,"column":8},"end":{"line":237,"column":8}},{"start":{"line":237,"column":8},"end":{"line":237,"column":8}}]},"6":{"line":252,"type":"if","locations":[{"start":{"line":252,"column":10},"end":{"line":252,"column":10}},{"start":{"line":252,"column":10},"end":{"line":252,"column":10}}]},"7":{"line":254,"type":"if","locations":[{"start":{"line":254,"column":10},"end":{"line":254,"column":10}},{"start":{"line":254,"column":10},"end":{"line":254,"column":10}}]},"8":{"line":256,"type":"if","locations":[{"start":{"line":256,"column":10},"end":{"line":256,"column":10}},{"start":{"line":256,"column":10},"end":{"line":256,"column":10}}]},"9":{"line":279,"type":"if","locations":[{"start":{"line":279,"column":6},"end":{"line":279,"column":6}},{"start":{"line":279,"column":6},"end":{"line":279,"column":6}}]}}},"contracts/Array16Lib.sol":{"l":{"36":1,"37":1,"39":1,"62":1,"63":1,"65":1,"91":1,"92":1,"94":1,"130":11,"131":1,"132":1,"133":1,"134":1,"135":4,"136":4,"137":1,"138":1,"139":1,"141":2,"143":1,"147":10,"148":34,"149":10,"150":10,"151":10,"161":1,"162":1,"169":31,"170":31,"176":1,"177":1,"178":1,"179":1,"180":1,"181":1,"182":1,"183":1,"184":1,"185":5,"186":5,"187":5,"188":7,"189":7,"190":7,"191":3,"192":7,"193":5,"194":7,"195":1,"197":6,"198":6,"199":6,"200":6,"201":6,"204":5,"205":1,"207":4,"209":1,"210":9,"211":9,"212":9,"213":9,"214":9,"215":9,"216":9,"217":14,"218":14,"219":14,"220":11,"221":14,"222":3,"223":14,"224":3,"226":11,"227":11,"228":11,"229":11,"230":11,"240":1,"241":1,"243":1,"244":10,"246":10,"247":3,"248":12,"251":3,"252":3,"253":3,"257":1},"path":"/Users/hackdom/Projects/ethereum-libraries-array-utils/contracts/Array16Lib.sol","s":{"1":11,"2":1,"3":1,"4":1,"5":1,"6":4,"7":4,"8":1,"9":1,"10":1,"11":3,"12":2,"13":1,"14":10,"15":34,"16":10,"17":10,"18":10,"19":1,"20":1,"21":31,"22":31,"23":1,"24":1,"25":1,"26":1,"27":1,"28":5,"29":5,"30":5,"31":7,"32":7,"33":7,"34":3,"35":7,"36":5,"37":7,"38":1,"39":6,"40":6,"41":6,"42":6,"43":6,"44":5,"45":4,"46":1,"47":9,"48":9,"49":9,"50":9,"51":9,"52":9,"53":9,"54":14,"55":14,"56":14,"57":11,"58":14,"59":3,"60":14,"61":3,"62":11,"63":11,"64":11,"65":11,"66":11,"67":1,"68":10,"69":10,"70":3,"71":12,"72":1},"b":{"1":[1,10],"2":[1,3],"3":[2,1],"4":[10,24],"5":[1,0],"6":[3,4],"7":[5,2],"8":[1,6],"9":[1,4],"10":[11,3],"11":[3,11],"12":[3,11],"13":[3,7]},"f":{"1":1,"2":1,"3":1,"4":11,"5":1,"6":31,"7":1,"8":1},"fnMap":{"1":{"name":"sumElements","line":35,"loc":{"start":{"line":35,"column":2},"end":{"line":35,"column":78}}},"2":{"name":"getMax","line":61,"loc":{"start":{"line":61,"column":2},"end":{"line":61,"column":77}}},"3":{"name":"getMin","line":90,"loc":{"start":{"line":90,"column":2},"end":{"line":90,"column":77}}},"4":{"name":"indexOf","line":126,"loc":{"start":{"line":126,"column":2},"end":{"line":129,"column":47}}},"5":{"name":"getParentI","line":160,"loc":{"start":{"line":160,"column":2},"end":{"line":160,"column":70}}},"6":{"name":"getLeftChildI","line":168,"loc":{"start":{"line":168,"column":2},"end":{"line":168,"column":74}}},"7":{"name":"heapSort","line":175,"loc":{"start":{"line":175,"column":2},"end":{"line":175,"column":49}}},"8":{"name":"uniq","line":239,"loc":{"start":{"line":239,"column":2},"end":{"line":239,"column":70}}}},"statementMap":{"1":{"start":{"line":130,"column":4},"end":{"line":130,"column":4303}},"2":{"start":{"line":131,"column":8},"end":{"line":131,"column":37}},"3":{"start":{"line":132,"column":8},"end":{"line":132,"column":22}},"4":{"start":{"line":133,"column":8},"end":{"line":133,"column":22}},"5":{"start":{"line":134,"column":8},"end":{"line":134,"column":4421}},"6":{"start":{"line":135,"column":10},"end":{"line":135,"column":27}},"7":{"start":{"line":136,"column":10},"end":{"line":136,"column":4485}},"8":{"start":{"line":137,"column":12},"end":{"line":137,"column":23}},"9":{"start":{"line":138,"column":12},"end":{"line":138,"column":22}},"10":{"start":{"line":139,"column":12},"end":{"line":139,"column":25}},"11":{"start":{"line":140,"column":17},"end":{"line":140,"column":4607}},"12":{"start":{"line":141,"column":12},"end":{"line":141,"column":24}},"13":{"start":{"line":143,"column":12},"end":{"line":143,"column":25}},"14":{"start":{"line":147,"column":6},"end":{"line":147,"column":4743}},"15":{"start":{"line":148,"column":8},"end":{"line":148,"column":4795}},"16":{"start":{"line":149,"column":10},"end":{"line":149,"column":21}},"17":{"start":{"line":150,"column":10},"end":{"line":150,"column":18}},"18":{"start":{"line":151,"column":10},"end":{"line":151,"column":24}},"19":{"start":{"line":161,"column":4},"end":{"line":161,"column":24}},"20":{"start":{"line":162,"column":4},"end":{"line":162,"column":11}},"21":{"start":{"line":169,"column":4},"end":{"line":169,"column":24}},"22":{"start":{"line":170,"column":4},"end":{"line":170,"column":14}},"23":{"start":{"line":176,"column":4},"end":{"line":176,"column":5571}},"24":{"start":{"line":177,"column":6},"end":{"line":177,"column":34}},"25":{"start":{"line":178,"column":6},"end":{"line":178,"column":36}},"26":{"start":{"line":179,"column":6},"end":{"line":179,"column":25}},"27":{"start":{"line":184,"column":6},"end":{"line":184,"column":5787}},"28":{"start":{"line":185,"column":8},"end":{"line":185,"column":19}},"29":{"start":{"line":186,"column":8},"end":{"line":186,"column":36}},"30":{"start":{"line":187,"column":8},"end":{"line":187,"column":5877}},"31":{"start":{"line":188,"column":10},"end":{"line":188,"column":28}},"32":{"start":{"line":189,"column":10},"end":{"line":189,"column":20}},"33":{"start":{"line":190,"column":10},"end":{"line":190,"column":5980}},"34":{"start":{"line":191,"column":12},"end":{"line":191,"column":24}},"35":{"start":{"line":192,"column":10},"end":{"line":192,"column":6047}},"36":{"start":{"line":193,"column":12},"end":{"line":193,"column":24}},"37":{"start":{"line":194,"column":10},"end":{"line":194,"column":6118}},"38":{"start":{"line":195,"column":12},"end":{"line":195,"column":25}},"39":{"start":{"line":197,"column":12},"end":{"line":197,"column":28}},"40":{"start":{"line":198,"column":12},"end":{"line":198,"column":34}},"41":{"start":{"line":199,"column":12},"end":{"line":199,"column":28}},"42":{"start":{"line":200,"column":12},"end":{"line":200,"column":22}},"43":{"start":{"line":201,"column":12},"end":{"line":201,"column":39}},"44":{"start":{"line":204,"column":8},"end":{"line":204,"column":6393}},"45":{"start":{"line":207,"column":10},"end":{"line":207,"column":26}},"46":{"start":{"line":209,"column":6},"end":{"line":209,"column":6460}},"47":{"start":{"line":210,"column":8},"end":{"line":210,"column":23}},"48":{"start":{"line":211,"column":8},"end":{"line":211,"column":26}},"49":{"start":{"line":212,"column":8},"end":{"line":212,"column":21}},"50":{"start":{"line":213,"column":8},"end":{"line":213,"column":20}},"51":{"start":{"line":214,"column":8},"end":{"line":214,"column":15}},"52":{"start":{"line":215,"column":8},"end":{"line":215,"column":32}},"53":{"start":{"line":216,"column":8},"end":{"line":216,"column":6641}},"54":{"start":{"line":217,"column":10},"end":{"line":217,"column":28}},"55":{"start":{"line":218,"column":10},"end":{"line":218,"column":20}},"56":{"start":{"line":219,"column":10},"end":{"line":219,"column":6744}},"57":{"start":{"line":220,"column":12},"end":{"line":220,"column":24}},"58":{"start":{"line":221,"column":10},"end":{"line":221,"column":6811}},"59":{"start":{"line":222,"column":12},"end":{"line":222,"column":24}},"60":{"start":{"line":223,"column":10},"end":{"line":223,"column":6882}},"61":{"start":{"line":224,"column":12},"end":{"line":224,"column":27}},"62":{"start":{"line":226,"column":12},"end":{"line":226,"column":28}},"63":{"start":{"line":227,"column":12},"end":{"line":227,"column":34}},"64":{"start":{"line":228,"column":12},"end":{"line":228,"column":28}},"65":{"start":{"line":229,"column":12},"end":{"line":229,"column":22}},"66":{"start":{"line":230,"column":12},"end":{"line":230,"column":39}},"67":{"start":{"line":243,"column":4},"end":{"line":243,"column":7379}},"68":{"start":{"line":244,"column":6},"end":{"line":244,"column":54}},"69":{"start":{"line":246,"column":6},"end":{"line":246,"column":7489}},"70":{"start":{"line":247,"column":8},"end":{"line":247,"column":7516}},"71":{"start":{"line":248,"column":10},"end":{"line":248,"column":30}},"72":{"start":{"line":257,"column":4},"end":{"line":257,"column":23}}},"branchMap":{"1":{"line":130,"type":"if","locations":[{"start":{"line":130,"column":4},"end":{"line":130,"column":4}},{"start":{"line":130,"column":4},"end":{"line":130,"column":4}}]},"2":{"line":136,"type":"if","locations":[{"start":{"line":136,"column":10},"end":{"line":136,"column":10}},{"start":{"line":136,"column":10},"end":{"line":136,"column":10}}]},"3":{"line":140,"type":"if","locations":[{"start":{"line":140,"column":17},"end":{"line":140,"column":17}},{"start":{"line":140,"column":17},"end":{"line":140,"column":17}}]},"4":{"line":148,"type":"if","locations":[{"start":{"line":148,"column":8},"end":{"line":148,"column":8}},{"start":{"line":148,"column":8},"end":{"line":148,"column":8}}]},"5":{"line":176,"type":"if","locations":[{"start":{"line":176,"column":4},"end":{"line":176,"column":4}},{"start":{"line":176,"column":4},"end":{"line":176,"column":4}}]},"6":{"line":190,"type":"if","locations":[{"start":{"line":190,"column":10},"end":{"line":190,"column":10}},{"start":{"line":190,"column":10},"end":{"line":190,"column":10}}]},"7":{"line":192,"type":"if","locations":[{"start":{"line":192,"column":10},"end":{"line":192,"column":10}},{"start":{"line":192,"column":10},"end":{"line":192,"column":10}}]},"8":{"line":194,"type":"if","locations":[{"start":{"line":194,"column":10},"end":{"line":194,"column":10}},{"start":{"line":194,"column":10},"end":{"line":194,"column":10}}]},"9":{"line":204,"type":"if","locations":[{"start":{"line":204,"column":8},"end":{"line":204,"column":8}},{"start":{"line":204,"column":8},"end":{"line":204,"column":8}}]},"10":{"line":219,"type":"if","locations":[{"start":{"line":219,"column":10},"end":{"line":219,"column":10}},{"start":{"line":219,"column":10},"end":{"line":219,"column":10}}]},"11":{"line":221,"type":"if","locations":[{"start":{"line":221,"column":10},"end":{"line":221,"column":10}},{"start":{"line":221,"column":10},"end":{"line":221,"column":10}}]},"12":{"line":223,"type":"if","locations":[{"start":{"line":223,"column":10},"end":{"line":223,"column":10}},{"start":{"line":223,"column":10},"end":{"line":223,"column":10}}]},"13":{"line":246,"type":"if","locations":[{"start":{"line":246,"column":6},"end":{"line":246,"column":6}},{"start":{"line":246,"column":6},"end":{"line":246,"column":6}}]}}},"contracts/Array256Lib.sol":{"l":{"36":1,"49":1,"66":1,"89":18,"133":1,"134":1,"141":31,"142":31,"148":1,"149":1,"150":1,"151":1,"152":1,"153":1,"154":1,"155":1,"156":1,"157":5,"158":5,"159":5,"160":7,"161":7,"162":7,"163":3,"164":7,"165":5,"166":7,"167":1,"169":6,"170":6,"171":6,"172":6,"173":6,"176":5,"177":1,"179":4,"181":1,"182":9,"183":9,"184":9,"185":9,"186":9,"187":9,"188":9,"189":14,"190":14,"191":14,"192":11,"193":14,"194":3,"195":14,"196":3,"198":11,"199":11,"200":11,"201":11,"202":11,"212":1,"213":1,"215":1,"216":10,"218":10,"219":3,"220":12,"223":3,"224":3,"225":3,"229":1},"path":"/Users/hackdom/Projects/ethereum-libraries-array-utils/contracts/Array256Lib.sol","s":{"1":1,"2":1,"3":31,"4":31,"5":1,"6":1,"7":1,"8":1,"9":1,"10":5,"11":5,"12":5,"13":7,"14":7,"15":7,"16":3,"17":7,"18":5,"19":7,"20":1,"21":6,"22":6,"23":6,"24":6,"25":6,"26":5,"27":4,"28":1,"29":9,"30":9,"31":9,"32":9,"33":9,"34":9,"35":9,"36":14,"37":14,"38":14,"39":11,"40":14,"41":3,"42":14,"43":3,"44":11,"45":11,"46":11,"47":11,"48":11,"49":1,"50":10,"51":10,"52":3,"53":12,"54":1},"b":{"1":[1,0],"2":[3,4],"3":[5,2],"4":[1,6],"5":[1,4],"6":[11,3],"7":[3,11],"8":[3,11],"9":[3,7]},"f":{"1":1,"2":1,"3":1,"4":18,"5":1,"6":31,"7":1,"8":1},"fnMap":{"1":{"name":"sumElements","line":35,"loc":{"start":{"line":35,"column":2},"end":{"line":35,"column":79}}},"2":{"name":"getMax","line":48,"loc":{"start":{"line":48,"column":2},"end":{"line":48,"column":79}}},"3":{"name":"getMin","line":65,"loc":{"start":{"line":65,"column":2},"end":{"line":65,"column":79}}},"4":{"name":"indexOf","line":85,"loc":{"start":{"line":85,"column":2},"end":{"line":88,"column":47}}},"5":{"name":"getParentI","line":132,"loc":{"start":{"line":132,"column":2},"end":{"line":132,"column":70}}},"6":{"name":"getLeftChildI","line":140,"loc":{"start":{"line":140,"column":2},"end":{"line":140,"column":74}}},"7":{"name":"heapSort","line":147,"loc":{"start":{"line":147,"column":2},"end":{"line":147,"column":50}}},"8":{"name":"uniq","line":211,"loc":{"start":{"line":211,"column":2},"end":{"line":211,"column":71}}}},"statementMap":{"1":{"start":{"line":133,"column":4},"end":{"line":133,"column":24}},"2":{"start":{"line":134,"column":4},"end":{"line":134,"column":11}},"3":{"start":{"line":141,"column":4},"end":{"line":141,"column":24}},"4":{"start":{"line":142,"column":4},"end":{"line":142,"column":14}},"5":{"start":{"line":148,"column":4},"end":{"line":148,"column":5051}},"6":{"start":{"line":149,"column":6},"end":{"line":149,"column":34}},"7":{"start":{"line":150,"column":6},"end":{"line":150,"column":36}},"8":{"start":{"line":151,"column":6},"end":{"line":151,"column":25}},"9":{"start":{"line":156,"column":6},"end":{"line":156,"column":5268}},"10":{"start":{"line":157,"column":8},"end":{"line":157,"column":19}},"11":{"start":{"line":158,"column":8},"end":{"line":158,"column":36}},"12":{"start":{"line":159,"column":8},"end":{"line":159,"column":5358}},"13":{"start":{"line":160,"column":10},"end":{"line":160,"column":28}},"14":{"start":{"line":161,"column":10},"end":{"line":161,"column":20}},"15":{"start":{"line":162,"column":10},"end":{"line":162,"column":5461}},"16":{"start":{"line":163,"column":12},"end":{"line":163,"column":24}},"17":{"start":{"line":164,"column":10},"end":{"line":164,"column":5528}},"18":{"start":{"line":165,"column":12},"end":{"line":165,"column":24}},"19":{"start":{"line":166,"column":10},"end":{"line":166,"column":5599}},"20":{"start":{"line":167,"column":12},"end":{"line":167,"column":25}},"21":{"start":{"line":169,"column":12},"end":{"line":169,"column":28}},"22":{"start":{"line":170,"column":12},"end":{"line":170,"column":34}},"23":{"start":{"line":171,"column":12},"end":{"line":171,"column":28}},"24":{"start":{"line":172,"column":12},"end":{"line":172,"column":22}},"25":{"start":{"line":173,"column":12},"end":{"line":173,"column":39}},"26":{"start":{"line":176,"column":8},"end":{"line":176,"column":5874}},"27":{"start":{"line":179,"column":10},"end":{"line":179,"column":26}},"28":{"start":{"line":181,"column":6},"end":{"line":181,"column":5941}},"29":{"start":{"line":182,"column":8},"end":{"line":182,"column":23}},"30":{"start":{"line":183,"column":8},"end":{"line":183,"column":26}},"31":{"start":{"line":184,"column":8},"end":{"line":184,"column":21}},"32":{"start":{"line":185,"column":8},"end":{"line":185,"column":20}},"33":{"start":{"line":186,"column":8},"end":{"line":186,"column":15}},"34":{"start":{"line":187,"column":8},"end":{"line":187,"column":32}},"35":{"start":{"line":188,"column":8},"end":{"line":188,"column":6122}},"36":{"start":{"line":189,"column":10},"end":{"line":189,"column":28}},"37":{"start":{"line":190,"column":10},"end":{"line":190,"column":20}},"38":{"start":{"line":191,"column":10},"end":{"line":191,"column":6225}},"39":{"start":{"line":192,"column":12},"end":{"line":192,"column":24}},"40":{"start":{"line":193,"column":10},"end":{"line":193,"column":6292}},"41":{"start":{"line":194,"column":12},"end":{"line":194,"column":24}},"42":{"start":{"line":195,"column":10},"end":{"line":195,"column":6363}},"43":{"start":{"line":196,"column":12},"end":{"line":196,"column":27}},"44":{"start":{"line":198,"column":12},"end":{"line":198,"column":28}},"45":{"start":{"line":199,"column":12},"end":{"line":199,"column":34}},"46":{"start":{"line":200,"column":12},"end":{"line":200,"column":28}},"47":{"start":{"line":201,"column":12},"end":{"line":201,"column":22}},"48":{"start":{"line":202,"column":12},"end":{"line":202,"column":39}},"49":{"start":{"line":215,"column":4},"end":{"line":215,"column":6861}},"50":{"start":{"line":216,"column":6},"end":{"line":216,"column":54}},"51":{"start":{"line":218,"column":6},"end":{"line":218,"column":6971}},"52":{"start":{"line":219,"column":8},"end":{"line":219,"column":6998}},"53":{"start":{"line":220,"column":10},"end":{"line":220,"column":30}},"54":{"start":{"line":229,"column":4},"end":{"line":229,"column":23}}},"branchMap":{"1":{"line":148,"type":"if","locations":[{"start":{"line":148,"column":4},"end":{"line":148,"column":4}},{"start":{"line":148,"column":4},"end":{"line":148,"column":4}}]},"2":{"line":162,"type":"if","locations":[{"start":{"line":162,"column":10},"end":{"line":162,"column":10}},{"start":{"line":162,"column":10},"end":{"line":162,"column":10}}]},"3":{"line":164,"type":"if","locations":[{"start":{"line":164,"column":10},"end":{"line":164,"column":10}},{"start":{"line":164,"column":10},"end":{"line":164,"column":10}}]},"4":{"line":166,"type":"if","locations":[{"start":{"line":166,"column":10},"end":{"line":166,"column":10}},{"start":{"line":166,"column":10},"end":{"line":166,"column":10}}]},"5":{"line":176,"type":"if","locations":[{"start":{"line":176,"column":8},"end":{"line":176,"column":8}},{"start":{"line":176,"column":8},"end":{"line":176,"column":8}}]},"6":{"line":191,"type":"if","locations":[{"start":{"line":191,"column":10},"end":{"line":191,"column":10}},{"start":{"line":191,"column":10},"end":{"line":191,"column":10}}]},"7":{"line":193,"type":"if","locations":[{"start":{"line":193,"column":10},"end":{"line":193,"column":10}},{"start":{"line":193,"column":10},"end":{"line":193,"column":10}}]},"8":{"line":195,"type":"if","locations":[{"start":{"line":195,"column":10},"end":{"line":195,"column":10}},{"start":{"line":195,"column":10},"end":{"line":195,"column":10}}]},"9":{"line":218,"type":"if","locations":[{"start":{"line":218,"column":6},"end":{"line":218,"column":6}},{"start":{"line":218,"column":6},"end":{"line":218,"column":6}}]}}},"contracts/Array32Lib.sol":{"l":{"36":1,"37":1,"39":1,"62":1,"63":1,"65":1,"91":1,"92":1,"94":1,"130":11,"131":1,"132":1,"133":1,"134":1,"135":4,"136":4,"137":1,"138":1,"139":1,"141":2,"143":1,"147":10,"148":34,"149":10,"150":10,"151":10,"161":1,"162":1,"169":31,"170":31,"176":1,"177":1,"178":1,"179":1,"180":1,"181":1,"182":1,"183":1,"184":1,"185":5,"186":5,"187":5,"188":7,"189":7,"190":7,"191":3,"192":7,"193":5,"194":7,"195":1,"197":6,"198":6,"199":6,"200":6,"201":6,"204":5,"205":1,"207":4,"209":1,"210":9,"211":9,"212":9,"213":9,"214":9,"215":9,"216":9,"217":14,"218":14,"219":14,"220":11,"221":14,"222":3,"223":14,"224":3,"226":11,"227":11,"228":11,"229":11,"230":11,"240":1,"241":1,"243":1,"244":10,"246":10,"247":3,"248":12,"251":3,"252":3,"253":3,"257":1},"path":"/Users/hackdom/Projects/ethereum-libraries-array-utils/contracts/Array32Lib.sol","s":{"1":11,"2":1,"3":1,"4":1,"5":1,"6":4,"7":4,"8":1,"9":1,"10":1,"11":3,"12":2,"13":1,"14":10,"15":34,"16":10,"17":10,"18":10,"19":1,"20":1,"21":31,"22":31,"23":1,"24":1,"25":1,"26":1,"27":1,"28":5,"29":5,"30":5,"31":7,"32":7,"33":7,"34":3,"35":7,"36":5,"37":7,"38":1,"39":6,"40":6,"41":6,"42":6,"43":6,"44":5,"45":4,"46":1,"47":9,"48":9,"49":9,"50":9,"51":9,"52":9,"53":9,"54":14,"55":14,"56":14,"57":11,"58":14,"59":3,"60":14,"61":3,"62":11,"63":11,"64":11,"65":11,"66":11,"67":1,"68":10,"69":10,"70":3,"71":12,"72":1},"b":{"1":[1,10],"2":[1,3],"3":[2,1],"4":[10,24],"5":[1,0],"6":[3,4],"7":[5,2],"8":[1,6],"9":[1,4],"10":[11,3],"11":[3,11],"12":[3,11],"13":[3,7]},"f":{"1":1,"2":1,"3":1,"4":11,"5":1,"6":31,"7":1,"8":1},"fnMap":{"1":{"name":"sumElements","line":35,"loc":{"start":{"line":35,"column":2},"end":{"line":35,"column":78}}},"2":{"name":"getMax","line":61,"loc":{"start":{"line":61,"column":2},"end":{"line":61,"column":77}}},"3":{"name":"getMin","line":90,"loc":{"start":{"line":90,"column":2},"end":{"line":90,"column":77}}},"4":{"name":"indexOf","line":126,"loc":{"start":{"line":126,"column":2},"end":{"line":129,"column":47}}},"5":{"name":"getParentI","line":160,"loc":{"start":{"line":160,"column":2},"end":{"line":160,"column":70}}},"6":{"name":"getLeftChildI","line":168,"loc":{"start":{"line":168,"column":2},"end":{"line":168,"column":74}}},"7":{"name":"heapSort","line":175,"loc":{"start":{"line":175,"column":2},"end":{"line":175,"column":49}}},"8":{"name":"uniq","line":239,"loc":{"start":{"line":239,"column":2},"end":{"line":239,"column":70}}}},"statementMap":{"1":{"start":{"line":130,"column":4},"end":{"line":130,"column":4312}},"2":{"start":{"line":131,"column":8},"end":{"line":131,"column":37}},"3":{"start":{"line":132,"column":8},"end":{"line":132,"column":22}},"4":{"start":{"line":133,"column":8},"end":{"line":133,"column":22}},"5":{"start":{"line":134,"column":8},"end":{"line":134,"column":4430}},"6":{"start":{"line":135,"column":10},"end":{"line":135,"column":27}},"7":{"start":{"line":136,"column":10},"end":{"line":136,"column":4494}},"8":{"start":{"line":137,"column":12},"end":{"line":137,"column":23}},"9":{"start":{"line":138,"column":12},"end":{"line":138,"column":22}},"10":{"start":{"line":139,"column":12},"end":{"line":139,"column":25}},"11":{"start":{"line":140,"column":17},"end":{"line":140,"column":4616}},"12":{"start":{"line":141,"column":12},"end":{"line":141,"column":24}},"13":{"start":{"line":143,"column":12},"end":{"line":143,"column":25}},"14":{"start":{"line":147,"column":6},"end":{"line":147,"column":4752}},"15":{"start":{"line":148,"column":8},"end":{"line":148,"column":4804}},"16":{"start":{"line":149,"column":10},"end":{"line":149,"column":21}},"17":{"start":{"line":150,"column":10},"end":{"line":150,"column":18}},"18":{"start":{"line":151,"column":10},"end":{"line":151,"column":24}},"19":{"start":{"line":161,"column":4},"end":{"line":161,"column":24}},"20":{"start":{"line":162,"column":4},"end":{"line":162,"column":11}},"21":{"start":{"line":169,"column":4},"end":{"line":169,"column":24}},"22":{"start":{"line":170,"column":4},"end":{"line":170,"column":14}},"23":{"start":{"line":176,"column":4},"end":{"line":176,"column":5580}},"24":{"start":{"line":177,"column":6},"end":{"line":177,"column":34}},"25":{"start":{"line":178,"column":6},"end":{"line":178,"column":36}},"26":{"start":{"line":179,"column":6},"end":{"line":179,"column":25}},"27":{"start":{"line":184,"column":6},"end":{"line":184,"column":5796}},"28":{"start":{"line":185,"column":8},"end":{"line":185,"column":19}},"29":{"start":{"line":186,"column":8},"end":{"line":186,"column":36}},"30":{"start":{"line":187,"column":8},"end":{"line":187,"column":5886}},"31":{"start":{"line":188,"column":10},"end":{"line":188,"column":28}},"32":{"start":{"line":189,"column":10},"end":{"line":189,"column":20}},"33":{"start":{"line":190,"column":10},"end":{"line":190,"column":5989}},"34":{"start":{"line":191,"column":12},"end":{"line":191,"column":24}},"35":{"start":{"line":192,"column":10},"end":{"line":192,"column":6056}},"36":{"start":{"line":193,"column":12},"end":{"line":193,"column":24}},"37":{"start":{"line":194,"column":10},"end":{"line":194,"column":6127}},"38":{"start":{"line":195,"column":12},"end":{"line":195,"column":25}},"39":{"start":{"line":197,"column":12},"end":{"line":197,"column":28}},"40":{"start":{"line":198,"column":12},"end":{"line":198,"column":34}},"41":{"start":{"line":199,"column":12},"end":{"line":199,"column":28}},"42":{"start":{"line":200,"column":12},"end":{"line":200,"column":22}},"43":{"start":{"line":201,"column":12},"end":{"line":201,"column":39}},"44":{"start":{"line":204,"column":8},"end":{"line":204,"column":6402}},"45":{"start":{"line":207,"column":10},"end":{"line":207,"column":26}},"46":{"start":{"line":209,"column":6},"end":{"line":209,"column":6469}},"47":{"start":{"line":210,"column":8},"end":{"line":210,"column":23}},"48":{"start":{"line":211,"column":8},"end":{"line":211,"column":26}},"49":{"start":{"line":212,"column":8},"end":{"line":212,"column":21}},"50":{"start":{"line":213,"column":8},"end":{"line":213,"column":20}},"51":{"start":{"line":214,"column":8},"end":{"line":214,"column":15}},"52":{"start":{"line":215,"column":8},"end":{"line":215,"column":32}},"53":{"start":{"line":216,"column":8},"end":{"line":216,"column":6650}},"54":{"start":{"line":217,"column":10},"end":{"line":217,"column":28}},"55":{"start":{"line":218,"column":10},"end":{"line":218,"column":20}},"56":{"start":{"line":219,"column":10},"end":{"line":219,"column":6753}},"57":{"start":{"line":220,"column":12},"end":{"line":220,"column":24}},"58":{"start":{"line":221,"column":10},"end":{"line":221,"column":6820}},"59":{"start":{"line":222,"column":12},"end":{"line":222,"column":24}},"60":{"start":{"line":223,"column":10},"end":{"line":223,"column":6891}},"61":{"start":{"line":224,"column":12},"end":{"line":224,"column":27}},"62":{"start":{"line":226,"column":12},"end":{"line":226,"column":28}},"63":{"start":{"line":227,"column":12},"end":{"line":227,"column":34}},"64":{"start":{"line":228,"column":12},"end":{"line":228,"column":28}},"65":{"start":{"line":229,"column":12},"end":{"line":229,"column":22}},"66":{"start":{"line":230,"column":12},"end":{"line":230,"column":39}},"67":{"start":{"line":243,"column":4},"end":{"line":243,"column":7388}},"68":{"start":{"line":244,"column":6},"end":{"line":244,"column":54}},"69":{"start":{"line":246,"column":6},"end":{"line":246,"column":7498}},"70":{"start":{"line":247,"column":8},"end":{"line":247,"column":7525}},"71":{"start":{"line":248,"column":10},"end":{"line":248,"column":30}},"72":{"start":{"line":257,"column":4},"end":{"line":257,"column":23}}},"branchMap":{"1":{"line":130,"type":"if","locations":[{"start":{"line":130,"column":4},"end":{"line":130,"column":4}},{"start":{"line":130,"column":4},"end":{"line":130,"column":4}}]},"2":{"line":136,"type":"if","locations":[{"start":{"line":136,"column":10},"end":{"line":136,"column":10}},{"start":{"line":136,"column":10},"end":{"line":136,"column":10}}]},"3":{"line":140,"type":"if","locations":[{"start":{"line":140,"column":17},"end":{"line":140,"column":17}},{"start":{"line":140,"column":17},"end":{"line":140,"column":17}}]},"4":{"line":148,"type":"if","locations":[{"start":{"line":148,"column":8},"end":{"line":148,"column":8}},{"start":{"line":148,"column":8},"end":{"line":148,"column":8}}]},"5":{"line":176,"type":"if","locations":[{"start":{"line":176,"column":4},"end":{"line":176,"column":4}},{"start":{"line":176,"column":4},"end":{"line":176,"column":4}}]},"6":{"line":190,"type":"if","locations":[{"start":{"line":190,"column":10},"end":{"line":190,"column":10}},{"start":{"line":190,"column":10},"end":{"line":190,"column":10}}]},"7":{"line":192,"type":"if","locations":[{"start":{"line":192,"column":10},"end":{"line":192,"column":10}},{"start":{"line":192,"column":10},"end":{"line":192,"column":10}}]},"8":{"line":194,"type":"if","locations":[{"start":{"line":194,"column":10},"end":{"line":194,"column":10}},{"start":{"line":194,"column":10},"end":{"line":194,"column":10}}]},"9":{"line":204,"type":"if","locations":[{"start":{"line":204,"column":8},"end":{"line":204,"column":8}},{"start":{"line":204,"column":8},"end":{"line":204,"column":8}}]},"10":{"line":219,"type":"if","locations":[{"start":{"line":219,"column":10},"end":{"line":219,"column":10}},{"start":{"line":219,"column":10},"end":{"line":219,"column":10}}]},"11":{"line":221,"type":"if","locations":[{"start":{"line":221,"column":10},"end":{"line":221,"column":10}},{"start":{"line":221,"column":10},"end":{"line":221,"column":10}}]},"12":{"line":223,"type":"if","locations":[{"start":{"line":223,"column":10},"end":{"line":223,"column":10}},{"start":{"line":223,"column":10},"end":{"line":223,"column":10}}]},"13":{"line":246,"type":"if","locations":[{"start":{"line":246,"column":6},"end":{"line":246,"column":6}},{"start":{"line":246,"column":6},"end":{"line":246,"column":6}}]}}},"contracts/Array64Lib.sol":{"l":{"36":1,"37":1,"39":1,"62":1,"63":1,"65":1,"91":1,"92":1,"94":1,"130":13,"131":1,"132":1,"133":1,"134":1,"135":4,"136":4,"137":1,"138":1,"139":1,"141":2,"143":1,"147":12,"148":46,"149":11,"150":11,"151":11,"161":1,"162":1,"169":31,"170":31,"176":1,"177":1,"178":1,"179":1,"180":1,"181":1,"182":1,"183":1,"184":1,"185":5,"186":5,"187":5,"188":7,"189":7,"190":7,"191":3,"192":7,"193":5,"194":7,"195":1,"197":6,"198":6,"199":6,"200":6,"201":6,"204":5,"205":1,"207":4,"209":1,"210":9,"211":9,"212":9,"213":9,"214":9,"215":9,"216":9,"217":14,"218":14,"219":14,"220":11,"221":14,"222":3,"223":14,"224":3,"226":11,"227":11,"228":11,"229":11,"230":11,"240":1,"241":1,"243":1,"244":10,"246":10,"247":3,"248":12,"251":3,"252":3,"253":3,"257":1},"path":"/Users/hackdom/Projects/ethereum-libraries-array-utils/contracts/Array64Lib.sol","s":{"1":13,"2":1,"3":1,"4":1,"5":1,"6":4,"7":4,"8":1,"9":1,"10":1,"11":3,"12":2,"13":1,"14":12,"15":46,"16":11,"17":11,"18":11,"19":1,"20":1,"21":31,"22":31,"23":1,"24":1,"25":1,"26":1,"27":1,"28":5,"29":5,"30":5,"31":7,"32":7,"33":7,"34":3,"35":7,"36":5,"37":7,"38":1,"39":6,"40":6,"41":6,"42":6,"43":6,"44":5,"45":4,"46":1,"47":9,"48":9,"49":9,"50":9,"51":9,"52":9,"53":9,"54":14,"55":14,"56":14,"57":11,"58":14,"59":3,"60":14,"61":3,"62":11,"63":11,"64":11,"65":11,"66":11,"67":1,"68":10,"69":10,"70":3,"71":12,"72":1},"b":{"1":[1,12],"2":[1,3],"3":[2,1],"4":[11,35],"5":[1,0],"6":[3,4],"7":[5,2],"8":[1,6],"9":[1,4],"10":[11,3],"11":[3,11],"12":[3,11],"13":[3,7]},"f":{"1":1,"2":1,"3":1,"4":13,"5":1,"6":31,"7":1,"8":1},"fnMap":{"1":{"name":"sumElements","line":35,"loc":{"start":{"line":35,"column":2},"end":{"line":35,"column":78}}},"2":{"name":"getMax","line":61,"loc":{"start":{"line":61,"column":2},"end":{"line":61,"column":77}}},"3":{"name":"getMin","line":90,"loc":{"start":{"line":90,"column":2},"end":{"line":90,"column":77}}},"4":{"name":"indexOf","line":126,"loc":{"start":{"line":126,"column":2},"end":{"line":129,"column":47}}},"5":{"name":"getParentI","line":160,"loc":{"start":{"line":160,"column":2},"end":{"line":160,"column":70}}},"6":{"name":"getLeftChildI","line":168,"loc":{"start":{"line":168,"column":2},"end":{"line":168,"column":74}}},"7":{"name":"heapSort","line":175,"loc":{"start":{"line":175,"column":2},"end":{"line":175,"column":49}}},"8":{"name":"uniq","line":239,"loc":{"start":{"line":239,"column":2},"end":{"line":239,"column":70}}}},"statementMap":{"1":{"start":{"line":130,"column":4},"end":{"line":130,"column":4336}},"2":{"start":{"line":131,"column":8},"end":{"line":131,"column":37}},"3":{"start":{"line":132,"column":8},"end":{"line":132,"column":22}},"4":{"start":{"line":133,"column":8},"end":{"line":133,"column":22}},"5":{"start":{"line":134,"column":8},"end":{"line":134,"column":4454}},"6":{"start":{"line":135,"column":10},"end":{"line":135,"column":27}},"7":{"start":{"line":136,"column":10},"end":{"line":136,"column":4518}},"8":{"start":{"line":137,"column":12},"end":{"line":137,"column":23}},"9":{"start":{"line":138,"column":12},"end":{"line":138,"column":22}},"10":{"start":{"line":139,"column":12},"end":{"line":139,"column":25}},"11":{"start":{"line":140,"column":17},"end":{"line":140,"column":4640}},"12":{"start":{"line":141,"column":12},"end":{"line":141,"column":24}},"13":{"start":{"line":143,"column":12},"end":{"line":143,"column":25}},"14":{"start":{"line":147,"column":6},"end":{"line":147,"column":4776}},"15":{"start":{"line":148,"column":8},"end":{"line":148,"column":4828}},"16":{"start":{"line":149,"column":10},"end":{"line":149,"column":21}},"17":{"start":{"line":150,"column":10},"end":{"line":150,"column":18}},"18":{"start":{"line":151,"column":10},"end":{"line":151,"column":24}},"19":{"start":{"line":161,"column":4},"end":{"line":161,"column":24}},"20":{"start":{"line":162,"column":4},"end":{"line":162,"column":11}},"21":{"start":{"line":169,"column":4},"end":{"line":169,"column":24}},"22":{"start":{"line":170,"column":4},"end":{"line":170,"column":14}},"23":{"start":{"line":176,"column":4},"end":{"line":176,"column":5604}},"24":{"start":{"line":177,"column":6},"end":{"line":177,"column":34}},"25":{"start":{"line":178,"column":6},"end":{"line":178,"column":36}},"26":{"start":{"line":179,"column":6},"end":{"line":179,"column":25}},"27":{"start":{"line":184,"column":6},"end":{"line":184,"column":5820}},"28":{"start":{"line":185,"column":8},"end":{"line":185,"column":19}},"29":{"start":{"line":186,"column":8},"end":{"line":186,"column":36}},"30":{"start":{"line":187,"column":8},"end":{"line":187,"column":5910}},"31":{"start":{"line":188,"column":10},"end":{"line":188,"column":28}},"32":{"start":{"line":189,"column":10},"end":{"line":189,"column":20}},"33":{"start":{"line":190,"column":10},"end":{"line":190,"column":6013}},"34":{"start":{"line":191,"column":12},"end":{"line":191,"column":24}},"35":{"start":{"line":192,"column":10},"end":{"line":192,"column":6080}},"36":{"start":{"line":193,"column":12},"end":{"line":193,"column":24}},"37":{"start":{"line":194,"column":10},"end":{"line":194,"column":6151}},"38":{"start":{"line":195,"column":12},"end":{"line":195,"column":25}},"39":{"start":{"line":197,"column":12},"end":{"line":197,"column":28}},"40":{"start":{"line":198,"column":12},"end":{"line":198,"column":34}},"41":{"start":{"line":199,"column":12},"end":{"line":199,"column":28}},"42":{"start":{"line":200,"column":12},"end":{"line":200,"column":22}},"43":{"start":{"line":201,"column":12},"end":{"line":201,"column":39}},"44":{"start":{"line":204,"column":8},"end":{"line":204,"column":6426}},"45":{"start":{"line":207,"column":10},"end":{"line":207,"column":26}},"46":{"start":{"line":209,"column":6},"end":{"line":209,"column":6493}},"47":{"start":{"line":210,"column":8},"end":{"line":210,"column":23}},"48":{"start":{"line":211,"column":8},"end":{"line":211,"column":26}},"49":{"start":{"line":212,"column":8},"end":{"line":212,"column":21}},"50":{"start":{"line":213,"column":8},"end":{"line":213,"column":20}},"51":{"start":{"line":214,"column":8},"end":{"line":214,"column":15}},"52":{"start":{"line":215,"column":8},"end":{"line":215,"column":32}},"53":{"start":{"line":216,"column":8},"end":{"line":216,"column":6674}},"54":{"start":{"line":217,"column":10},"end":{"line":217,"column":28}},"55":{"start":{"line":218,"column":10},"end":{"line":218,"column":20}},"56":{"start":{"line":219,"column":10},"end":{"line":219,"column":6777}},"57":{"start":{"line":220,"column":12},"end":{"line":220,"column":24}},"58":{"start":{"line":221,"column":10},"end":{"line":221,"column":6844}},"59":{"start":{"line":222,"column":12},"end":{"line":222,"column":24}},"60":{"start":{"line":223,"column":10},"end":{"line":223,"column":6915}},"61":{"start":{"line":224,"column":12},"end":{"line":224,"column":27}},"62":{"start":{"line":226,"column":12},"end":{"line":226,"column":28}},"63":{"start":{"line":227,"column":12},"end":{"line":227,"column":34}},"64":{"start":{"line":228,"column":12},"end":{"line":228,"column":28}},"65":{"start":{"line":229,"column":12},"end":{"line":229,"column":22}},"66":{"start":{"line":230,"column":12},"end":{"line":230,"column":39}},"67":{"start":{"line":243,"column":4},"end":{"line":243,"column":7412}},"68":{"start":{"line":244,"column":6},"end":{"line":244,"column":54}},"69":{"start":{"line":246,"column":6},"end":{"line":246,"column":7522}},"70":{"start":{"line":247,"column":8},"end":{"line":247,"column":7549}},"71":{"start":{"line":248,"column":10},"end":{"line":248,"column":30}},"72":{"start":{"line":257,"column":4},"end":{"line":257,"column":23}}},"branchMap":{"1":{"line":130,"type":"if","locations":[{"start":{"line":130,"column":4},"end":{"line":130,"column":4}},{"start":{"line":130,"column":4},"end":{"line":130,"column":4}}]},"2":{"line":136,"type":"if","locations":[{"start":{"line":136,"column":10},"end":{"line":136,"column":10}},{"start":{"line":136,"column":10},"end":{"line":136,"column":10}}]},"3":{"line":140,"type":"if","locations":[{"start":{"line":140,"column":17},"end":{"line":140,"column":17}},{"start":{"line":140,"column":17},"end":{"line":140,"column":17}}]},"4":{"line":148,"type":"if","locations":[{"start":{"line":148,"column":8},"end":{"line":148,"column":8}},{"start":{"line":148,"column":8},"end":{"line":148,"column":8}}]},"5":{"line":176,"type":"if","locations":[{"start":{"line":176,"column":4},"end":{"line":176,"column":4}},{"start":{"line":176,"column":4},"end":{"line":176,"column":4}}]},"6":{"line":190,"type":"if","locations":[{"start":{"line":190,"column":10},"end":{"line":190,"column":10}},{"start":{"line":190,"column":10},"end":{"line":190,"column":10}}]},"7":{"line":192,"type":"if","locations":[{"start":{"line":192,"column":10},"end":{"line":192,"column":10}},{"start":{"line":192,"column":10},"end":{"line":192,"column":10}}]},"8":{"line":194,"type":"if","locations":[{"start":{"line":194,"column":10},"end":{"line":194,"column":10}},{"start":{"line":194,"column":10},"end":{"line":194,"column":10}}]},"9":{"line":204,"type":"if","locations":[{"start":{"line":204,"column":8},"end":{"line":204,"column":8}},{"start":{"line":204,"column":8},"end":{"line":204,"column":8}}]},"10":{"line":219,"type":"if","locations":[{"start":{"line":219,"column":10},"end":{"line":219,"column":10}},{"start":{"line":219,"column":10},"end":{"line":219,"column":10}}]},"11":{"line":221,"type":"if","locations":[{"start":{"line":221,"column":10},"end":{"line":221,"column":10}},{"start":{"line":221,"column":10},"end":{"line":221,"column":10}}]},"12":{"line":223,"type":"if","locations":[{"start":{"line":223,"column":10},"end":{"line":223,"column":10}},{"start":{"line":223,"column":10},"end":{"line":223,"column":10}}]},"13":{"line":246,"type":"if","locations":[{"start":{"line":246,"column":6},"end":{"line":246,"column":6}},{"start":{"line":246,"column":6},"end":{"line":246,"column":6}}]}}},"contracts/Array8Lib.sol":{"l":{"36":1,"37":1,"39":1,"62":1,"63":1,"65":1,"91":1,"92":1,"94":1,"129":9,"130":1,"131":1,"132":1,"133":1,"134":4,"135":4,"136":1,"137":1,"138":1,"140":2,"142":1,"146":8,"147":21,"148":8,"149":8,"150":8,"160":1,"161":1,"168":31,"169":31,"175":1,"176":1,"177":1,"178":1,"179":1,"180":1,"181":1,"182":1,"183":1,"184":5,"185":5,"186":5,"187":7,"188":7,"189":7,"190":3,"191":7,"192":5,"193":7,"194":1,"196":6,"197":6,"198":6,"199":6,"200":6,"203":5,"204":1,"206":4,"208":1,"209":9,"210":9,"211":9,"212":9,"213":9,"214":9,"215":9,"216":14,"217":14,"218":14,"219":11,"220":14,"221":3,"222":14,"223":3,"225":11,"226":11,"227":11,"228":11,"229":11,"239":1,"240":1,"242":1,"243":8,"245":8,"246":3,"247":8,"250":3,"251":3,"252":3,"256":1},"path":"/Users/hackdom/Projects/ethereum-libraries-array-utils/contracts/Array8Lib.sol","s":{"1":9,"2":1,"3":1,"4":1,"5":1,"6":4,"7":4,"8":1,"9":1,"10":1,"11":3,"12":2,"13":1,"14":8,"15":21,"16":8,"17":8,"18":8,"19":1,"20":1,"21":31,"22":31,"23":1,"24":1,"25":1,"26":1,"27":1,"28":5,"29":5,"30":5,"31":7,"32":7,"33":7,"34":3,"35":7,"36":5,"37":7,"38":1,"39":6,"40":6,"41":6,"42":6,"43":6,"44":5,"45":4,"46":1,"47":9,"48":9,"49":9,"50":9,"51":9,"52":9,"53":9,"54":14,"55":14,"56":14,"57":11,"58":14,"59":3,"60":14,"61":3,"62":11,"63":11,"64":11,"65":11,"66":11,"67":1,"68":8,"69":8,"70":3,"71":8,"72":1},"b":{"1":[1,8],"2":[1,3],"3":[2,1],"4":[8,13],"5":[1,0],"6":[3,4],"7":[5,2],"8":[1,6],"9":[1,4],"10":[11,3],"11":[3,11],"12":[3,11],"13":[3,5]},"f":{"1":1,"2":1,"3":1,"4":9,"5":1,"6":31,"7":1,"8":1},"fnMap":{"1":{"name":"sumElements","line":35,"loc":{"start":{"line":35,"column":2},"end":{"line":35,"column":77}}},"2":{"name":"getMax","line":61,"loc":{"start":{"line":61,"column":2},"end":{"line":61,"column":75}}},"3":{"name":"getMin","line":90,"loc":{"start":{"line":90,"column":2},"end":{"line":90,"column":75}}},"4":{"name":"indexOf","line":125,"loc":{"start":{"line":125,"column":2},"end":{"line":128,"column":47}}},"5":{"name":"getParentI","line":159,"loc":{"start":{"line":159,"column":2},"end":{"line":159,"column":70}}},"6":{"name":"getLeftChildI","line":167,"loc":{"start":{"line":167,"column":2},"end":{"line":167,"column":74}}},"7":{"name":"heapSort","line":174,"loc":{"start":{"line":174,"column":2},"end":{"line":174,"column":48}}},"8":{"name":"uniq","line":238,"loc":{"start":{"line":238,"column":2},"end":{"line":238,"column":69}}}},"statementMap":{"1":{"start":{"line":129,"column":4},"end":{"line":129,"column":4285}},"2":{"start":{"line":130,"column":8},"end":{"line":130,"column":37}},"3":{"start":{"line":131,"column":8},"end":{"line":131,"column":22}},"4":{"start":{"line":132,"column":8},"end":{"line":132,"column":22}},"5":{"start":{"line":133,"column":8},"end":{"line":133,"column":4403}},"6":{"start":{"line":134,"column":10},"end":{"line":134,"column":27}},"7":{"start":{"line":135,"column":10},"end":{"line":135,"column":4467}},"8":{"start":{"line":136,"column":12},"end":{"line":136,"column":23}},"9":{"start":{"line":137,"column":12},"end":{"line":137,"column":22}},"10":{"start":{"line":138,"column":12},"end":{"line":138,"column":25}},"11":{"start":{"line":139,"column":17},"end":{"line":139,"column":4589}},"12":{"start":{"line":140,"column":12},"end":{"line":140,"column":24}},"13":{"start":{"line":142,"column":12},"end":{"line":142,"column":25}},"14":{"start":{"line":146,"column":6},"end":{"line":146,"column":4725}},"15":{"start":{"line":147,"column":8},"end":{"line":147,"column":4777}},"16":{"start":{"line":148,"column":10},"end":{"line":148,"column":21}},"17":{"start":{"line":149,"column":10},"end":{"line":149,"column":18}},"18":{"start":{"line":150,"column":10},"end":{"line":150,"column":24}},"19":{"start":{"line":160,"column":4},"end":{"line":160,"column":24}},"20":{"start":{"line":161,"column":4},"end":{"line":161,"column":11}},"21":{"start":{"line":168,"column":4},"end":{"line":168,"column":24}},"22":{"start":{"line":169,"column":4},"end":{"line":169,"column":14}},"23":{"start":{"line":175,"column":4},"end":{"line":175,"column":5552}},"24":{"start":{"line":176,"column":6},"end":{"line":176,"column":34}},"25":{"start":{"line":177,"column":6},"end":{"line":177,"column":36}},"26":{"start":{"line":178,"column":6},"end":{"line":178,"column":25}},"27":{"start":{"line":183,"column":6},"end":{"line":183,"column":5767}},"28":{"start":{"line":184,"column":8},"end":{"line":184,"column":19}},"29":{"start":{"line":185,"column":8},"end":{"line":185,"column":36}},"30":{"start":{"line":186,"column":8},"end":{"line":186,"column":5857}},"31":{"start":{"line":187,"column":10},"end":{"line":187,"column":28}},"32":{"start":{"line":188,"column":10},"end":{"line":188,"column":20}},"33":{"start":{"line":189,"column":10},"end":{"line":189,"column":5960}},"34":{"start":{"line":190,"column":12},"end":{"line":190,"column":24}},"35":{"start":{"line":191,"column":10},"end":{"line":191,"column":6027}},"36":{"start":{"line":192,"column":12},"end":{"line":192,"column":24}},"37":{"start":{"line":193,"column":10},"end":{"line":193,"column":6098}},"38":{"start":{"line":194,"column":12},"end":{"line":194,"column":25}},"39":{"start":{"line":196,"column":12},"end":{"line":196,"column":28}},"40":{"start":{"line":197,"column":12},"end":{"line":197,"column":34}},"41":{"start":{"line":198,"column":12},"end":{"line":198,"column":28}},"42":{"start":{"line":199,"column":12},"end":{"line":199,"column":22}},"43":{"start":{"line":200,"column":12},"end":{"line":200,"column":39}},"44":{"start":{"line":203,"column":8},"end":{"line":203,"column":6373}},"45":{"start":{"line":206,"column":10},"end":{"line":206,"column":26}},"46":{"start":{"line":208,"column":6},"end":{"line":208,"column":6440}},"47":{"start":{"line":209,"column":8},"end":{"line":209,"column":23}},"48":{"start":{"line":210,"column":8},"end":{"line":210,"column":26}},"49":{"start":{"line":211,"column":8},"end":{"line":211,"column":21}},"50":{"start":{"line":212,"column":8},"end":{"line":212,"column":20}},"51":{"start":{"line":213,"column":8},"end":{"line":213,"column":15}},"52":{"start":{"line":214,"column":8},"end":{"line":214,"column":32}},"53":{"start":{"line":215,"column":8},"end":{"line":215,"column":6621}},"54":{"start":{"line":216,"column":10},"end":{"line":216,"column":28}},"55":{"start":{"line":217,"column":10},"end":{"line":217,"column":20}},"56":{"start":{"line":218,"column":10},"end":{"line":218,"column":6724}},"57":{"start":{"line":219,"column":12},"end":{"line":219,"column":24}},"58":{"start":{"line":220,"column":10},"end":{"line":220,"column":6791}},"59":{"start":{"line":221,"column":12},"end":{"line":221,"column":24}},"60":{"start":{"line":222,"column":10},"end":{"line":222,"column":6862}},"61":{"start":{"line":223,"column":12},"end":{"line":223,"column":27}},"62":{"start":{"line":225,"column":12},"end":{"line":225,"column":28}},"63":{"start":{"line":226,"column":12},"end":{"line":226,"column":34}},"64":{"start":{"line":227,"column":12},"end":{"line":227,"column":28}},"65":{"start":{"line":228,"column":12},"end":{"line":228,"column":22}},"66":{"start":{"line":229,"column":12},"end":{"line":229,"column":39}},"67":{"start":{"line":242,"column":4},"end":{"line":242,"column":7358}},"68":{"start":{"line":243,"column":6},"end":{"line":243,"column":54}},"69":{"start":{"line":245,"column":6},"end":{"line":245,"column":7468}},"70":{"start":{"line":246,"column":8},"end":{"line":246,"column":7495}},"71":{"start":{"line":247,"column":10},"end":{"line":247,"column":30}},"72":{"start":{"line":256,"column":4},"end":{"line":256,"column":23}}},"branchMap":{"1":{"line":129,"type":"if","locations":[{"start":{"line":129,"column":4},"end":{"line":129,"column":4}},{"start":{"line":129,"column":4},"end":{"line":129,"column":4}}]},"2":{"line":135,"type":"if","locations":[{"start":{"line":135,"column":10},"end":{"line":135,"column":10}},{"start":{"line":135,"column":10},"end":{"line":135,"column":10}}]},"3":{"line":139,"type":"if","locations":[{"start":{"line":139,"column":17},"end":{"line":139,"column":17}},{"start":{"line":139,"column":17},"end":{"line":139,"column":17}}]},"4":{"line":147,"type":"if","locations":[{"start":{"line":147,"column":8},"end":{"line":147,"column":8}},{"start":{"line":147,"column":8},"end":{"line":147,"column":8}}]},"5":{"line":175,"type":"if","locations":[{"start":{"line":175,"column":4},"end":{"line":175,"column":4}},{"start":{"line":175,"column":4},"end":{"line":175,"column":4}}]},"6":{"line":189,"type":"if","locations":[{"start":{"line":189,"column":10},"end":{"line":189,"column":10}},{"start":{"line":189,"column":10},"end":{"line":189,"column":10}}]},"7":{"line":191,"type":"if","locations":[{"start":{"line":191,"column":10},"end":{"line":191,"column":10}},{"start":{"line":191,"column":10},"end":{"line":191,"column":10}}]},"8":{"line":193,"type":"if","locations":[{"start":{"line":193,"column":10},"end":{"line":193,"column":10}},{"start":{"line":193,"column":10},"end":{"line":193,"column":10}}]},"9":{"line":203,"type":"if","locations":[{"start":{"line":203,"column":8},"end":{"line":203,"column":8}},{"start":{"line":203,"column":8},"end":{"line":203,"column":8}}]},"10":{"line":218,"type":"if","locations":[{"start":{"line":218,"column":10},"end":{"line":218,"column":10}},{"start":{"line":218,"column":10},"end":{"line":218,"column":10}}]},"11":{"line":220,"type":"if","locations":[{"start":{"line":220,"column":10},"end":{"line":220,"column":10}},{"start":{"line":220,"column":10},"end":{"line":220,"column":10}}]},"12":{"line":222,"type":"if","locations":[{"start":{"line":222,"column":10},"end":{"line":222,"column":10}},{"start":{"line":222,"column":10},"end":{"line":222,"column":10}}]},"13":{"line":245,"type":"if","locations":[{"start":{"line":245,"column":6},"end":{"line":245,"column":6}},{"start":{"line":245,"column":6},"end":{"line":245,"column":6}}]}}},"contracts/ArrayUtilsTestContract.sol":{"l":{"28":1,"29":1,"30":1,"31":1,"32":1,"33":1,"37":1,"38":1,"39":1,"40":1,"41":1,"42":1,"46":1,"47":1,"48":1,"49":1,"50":1,"51":1,"55":1,"56":1,"57":1,"58":1,"59":1,"61":1,"65":1,"66":1,"67":1,"68":1,"69":1,"71":1,"75":1,"76":1,"77":1,"78":1,"79":1,"81":1,"85":1,"86":1,"87":1,"88":1,"89":1,"91":1,"95":1,"96":1,"97":1,"98":1,"99":1,"101":1,"105":1,"106":1,"107":1,"108":1,"109":1,"112":1,"116":1,"117":1,"118":1,"119":1,"120":1,"123":1,"127":1,"128":1,"129":1,"130":1,"131":1,"134":1,"138":1,"139":1,"140":1,"141":1,"142":1,"145":1,"149":1,"150":1,"151":1,"152":1,"153":1,"156":1,"160":1,"161":1,"162":1,"163":1,"164":1,"165":1,"169":1,"170":1,"171":1,"172":1,"173":1,"174":1,"178":1,"179":1,"180":1,"181":1,"182":1,"183":1,"187":1,"188":1,"189":1,"190":1,"191":1,"192":1,"196":1,"197":1,"198":1,"199":1,"200":1,"201":1},"path":"/Users/hackdom/Projects/ethereum-libraries-array-utils/contracts/ArrayUtilsTestContract.sol","s":{"1":1,"2":1,"3":1,"4":1,"5":1,"6":1,"7":1,"8":1,"9":1,"10":1,"11":1,"12":1,"13":1,"14":1,"15":1,"16":1,"17":1,"18":1},"b":{},"f":{"1":1,"2":1,"3":1,"4":1,"5":1,"6":1,"7":1,"8":1,"9":1,"10":1,"11":1,"12":1,"13":1,"14":1,"15":1,"16":1,"17":1,"18":1},"fnMap":{"1":{"name":"getSumElements256","line":27,"loc":{"start":{"line":27,"column":2},"end":{"line":27,"column":54}}},"2":{"name":"getGetMaxMiddle256","line":36,"loc":{"start":{"line":36,"column":2},"end":{"line":36,"column":55}}},"3":{"name":"getGetMinMiddle256","line":45,"loc":{"start":{"line":45,"column":2},"end":{"line":45,"column":55}}},"4":{"name":"getSumElements128","line":54,"loc":{"start":{"line":54,"column":2},"end":{"line":54,"column":59}}},"5":{"name":"getSumElements64","line":64,"loc":{"start":{"line":64,"column":2},"end":{"line":64,"column":58}}},"6":{"name":"getSumElements32","line":74,"loc":{"start":{"line":74,"column":2},"end":{"line":74,"column":58}}},"7":{"name":"getSumElements16","line":84,"loc":{"start":{"line":84,"column":2},"end":{"line":84,"column":58}}},"8":{"name":"getSumElements8","line":94,"loc":{"start":{"line":94,"column":2},"end":{"line":94,"column":57}}},"9":{"name":"getGetMaxMiddle128","line":104,"loc":{"start":{"line":104,"column":2},"end":{"line":104,"column":55}}},"10":{"name":"getGetMaxMiddle64","line":115,"loc":{"start":{"line":115,"column":2},"end":{"line":115,"column":53}}},"11":{"name":"getGetMaxMiddle32","line":126,"loc":{"start":{"line":126,"column":2},"end":{"line":126,"column":53}}},"12":{"name":"getGetMaxMiddle16","line":137,"loc":{"start":{"line":137,"column":2},"end":{"line":137,"column":53}}},"13":{"name":"getGetMaxMiddle8","line":148,"loc":{"start":{"line":148,"column":2},"end":{"line":148,"column":51}}},"14":{"name":"getGetMinMiddle128","line":159,"loc":{"start":{"line":159,"column":2},"end":{"line":159,"column":55}}},"15":{"name":"getGetMinMiddle64","line":168,"loc":{"start":{"line":168,"column":2},"end":{"line":168,"column":53}}},"16":{"name":"getGetMinMiddle32","line":177,"loc":{"start":{"line":177,"column":2},"end":{"line":177,"column":53}}},"17":{"name":"getGetMinMiddle16","line":186,"loc":{"start":{"line":186,"column":2},"end":{"line":186,"column":53}}},"18":{"name":"getGetMinMiddle8","line":195,"loc":{"start":{"line":195,"column":2},"end":{"line":195,"column":51}}}},"statementMap":{"1":{"start":{"line":33,"column":4},"end":{"line":33,"column":33}},"2":{"start":{"line":42,"column":4},"end":{"line":42,"column":28}},"3":{"start":{"line":51,"column":4},"end":{"line":51,"column":28}},"4":{"start":{"line":61,"column":4},"end":{"line":61,"column":33}},"5":{"start":{"line":71,"column":4},"end":{"line":71,"column":32}},"6":{"start":{"line":81,"column":4},"end":{"line":81,"column":32}},"7":{"start":{"line":91,"column":4},"end":{"line":91,"column":32}},"8":{"start":{"line":101,"column":4},"end":{"line":101,"column":31}},"9":{"start":{"line":112,"column":4},"end":{"line":112,"column":28}},"10":{"start":{"line":123,"column":4},"end":{"line":123,"column":27}},"11":{"start":{"line":134,"column":4},"end":{"line":134,"column":27}},"12":{"start":{"line":145,"column":4},"end":{"line":145,"column":27}},"13":{"start":{"line":156,"column":4},"end":{"line":156,"column":26}},"14":{"start":{"line":165,"column":4},"end":{"line":165,"column":28}},"15":{"start":{"line":174,"column":4},"end":{"line":174,"column":27}},"16":{"start":{"line":183,"column":4},"end":{"line":183,"column":27}},"17":{"start":{"line":192,"column":4},"end":{"line":192,"column":27}},"18":{"start":{"line":201,"column":4},"end":{"line":201,"column":26}}},"branchMap":{}},"contracts/ArrayUtilsTestContractThree.sol":{"l":{"28":1,"29":1,"30":1,"31":1,"32":1,"33":1,"34":1,"35":1,"36":1,"37":1,"38":1,"39":1,"40":1,"41":10,"46":1,"47":1,"48":1,"49":1,"50":1,"51":1,"52":1,"53":1,"54":1,"55":1,"56":1,"57":1,"58":1,"59":10,"64":1,"65":1,"66":1,"67":1,"68":1,"69":1,"70":1,"71":1,"72":1,"73":1,"74":1,"75":1,"76":1,"77":10,"82":1,"83":1,"84":1,"85":1,"86":1,"87":1,"88":1,"89":1,"90":1,"91":1,"92":1,"93":1,"94":1,"95":10,"100":1,"101":1,"102":1,"103":1,"104":1,"105":1,"106":1,"107":1,"108":1,"109":1,"110":1,"111":1,"112":1,"113":10,"118":1,"119":1,"120":1,"121":1,"122":1,"123":1,"124":1,"125":1,"126":1,"127":1,"128":1,"129":1,"130":1,"131":10,"136":1,"138":1,"140":1,"141":1,"142":1,"143":1,"144":1,"145":1,"146":1,"147":1,"149":1,"151":1,"152":5,"157":1,"159":1,"161":1,"162":1,"163":1,"164":1,"165":1,"166":1,"167":1,"168":1,"169":1,"170":1,"172":1,"174":1,"175":7,"180":1,"182":1,"184":1,"185":1,"186":1,"187":1,"188":1,"189":1,"190":1,"191":1,"192":1,"193":1,"195":1,"197":1,"198":7,"203":1,"205":1,"207":1,"208":1,"209":1,"210":1,"211":1,"212":1,"213":1,"214":1,"215":1,"216":1,"218":1,"220":1,"221":7,"226":1,"228":1,"230":1,"231":1,"232":1,"233":1,"234":1,"235":1,"236":1,"237":1,"238":1,"239":1,"241":1,"243":1,"244":7,"249":1,"251":1,"253":1,"254":1,"255":1,"256":1,"257":1,"258":1,"259":1,"260":1,"261":1,"262":1,"264":1,"266":1,"267":7},"path":"/Users/hackdom/Projects/ethereum-libraries-array-utils/contracts/ArrayUtilsTestContractThree.sol","s":{"1":1,"2":10,"3":1,"4":10,"5":1,"6":10,"7":1,"8":10,"9":1,"10":10,"11":1,"12":10,"13":1,"14":1,"15":5,"16":1,"17":1,"18":7,"19":1,"20":1,"21":7,"22":1,"23":1,"24":7,"25":1,"26":1,"27":7,"28":1,"29":1,"30":7},"b":{},"f":{"1":1,"2":1,"3":1,"4":1,"5":1,"6":1,"7":1,"8":1,"9":1,"10":1,"11":1,"12":1},"fnMap":{"1":{"name":"getHeapSort256","line":27,"loc":{"start":{"line":27,"column":2},"end":{"line":27,"column":64}}},"2":{"name":"getHeapSort128","line":45,"loc":{"start":{"line":45,"column":2},"end":{"line":45,"column":64}}},"3":{"name":"getHeapSort64","line":63,"loc":{"start":{"line":63,"column":2},"end":{"line":63,"column":62}}},"4":{"name":"getHeapSort32","line":81,"loc":{"start":{"line":81,"column":2},"end":{"line":81,"column":62}}},"5":{"name":"getHeapSort16","line":99,"loc":{"start":{"line":99,"column":2},"end":{"line":99,"column":62}}},"6":{"name":"getHeapSort8","line":117,"loc":{"start":{"line":117,"column":2},"end":{"line":117,"column":60}}},"7":{"name":"getUniq8","line":135,"loc":{"start":{"line":135,"column":2},"end":{"line":135,"column":56}}},"8":{"name":"getUniq16","line":156,"loc":{"start":{"line":156,"column":2},"end":{"line":156,"column":58}}},"9":{"name":"getUniq32","line":179,"loc":{"start":{"line":179,"column":2},"end":{"line":179,"column":58}}},"10":{"name":"getUniq64","line":202,"loc":{"start":{"line":202,"column":2},"end":{"line":202,"column":58}}},"11":{"name":"getUniq128","line":225,"loc":{"start":{"line":225,"column":2},"end":{"line":225,"column":60}}},"12":{"name":"getUniq256","line":248,"loc":{"start":{"line":248,"column":2},"end":{"line":248,"column":60}}}},"statementMap":{"1":{"start":{"line":40,"column":4},"end":{"line":40,"column":948}},"2":{"start":{"line":41,"column":6},"end":{"line":41,"column":23}},"3":{"start":{"line":58,"column":4},"end":{"line":58,"column":1373}},"4":{"start":{"line":59,"column":6},"end":{"line":59,"column":23}},"5":{"start":{"line":76,"column":4},"end":{"line":76,"column":1784}},"6":{"start":{"line":77,"column":6},"end":{"line":77,"column":22}},"7":{"start":{"line":94,"column":4},"end":{"line":94,"column":2193}},"8":{"start":{"line":95,"column":6},"end":{"line":95,"column":22}},"9":{"start":{"line":112,"column":4},"end":{"line":112,"column":2602}},"10":{"start":{"line":113,"column":6},"end":{"line":113,"column":22}},"11":{"start":{"line":130,"column":4},"end":{"line":130,"column":2995}},"12":{"start":{"line":131,"column":6},"end":{"line":131,"column":21}},"13":{"start":{"line":149,"column":4},"end":{"line":149,"column":33}},"14":{"start":{"line":151,"column":4},"end":{"line":151,"column":3379}},"15":{"start":{"line":152,"column":6},"end":{"line":152,"column":21}},"16":{"start":{"line":172,"column":4},"end":{"line":172,"column":34}},"17":{"start":{"line":174,"column":4},"end":{"line":174,"column":3827}},"18":{"start":{"line":175,"column":6},"end":{"line":175,"column":22}},"19":{"start":{"line":195,"column":4},"end":{"line":195,"column":34}},"20":{"start":{"line":197,"column":4},"end":{"line":197,"column":4277}},"21":{"start":{"line":198,"column":6},"end":{"line":198,"column":22}},"22":{"start":{"line":218,"column":4},"end":{"line":218,"column":34}},"23":{"start":{"line":220,"column":4},"end":{"line":220,"column":4727}},"24":{"start":{"line":221,"column":6},"end":{"line":221,"column":22}},"25":{"start":{"line":241,"column":4},"end":{"line":241,"column":35}},"26":{"start":{"line":243,"column":4},"end":{"line":243,"column":5191}},"27":{"start":{"line":244,"column":6},"end":{"line":244,"column":23}},"28":{"start":{"line":264,"column":4},"end":{"line":264,"column":35}},"29":{"start":{"line":266,"column":4},"end":{"line":266,"column":5657}},"30":{"start":{"line":267,"column":6},"end":{"line":267,"column":23}}},"branchMap":{}},"contracts/ArrayUtilsTestContractTwo.sol":{"l":{"28":3,"29":3,"30":3,"31":3,"32":3,"33":3,"34":3,"35":3,"36":3,"40":4,"41":4,"42":4,"43":4,"44":4,"45":4,"46":4,"47":4,"48":4,"49":4,"50":4,"51":4,"52":4,"56":1,"57":1,"58":1,"59":1,"60":1,"61":1,"62":1,"63":1,"64":1,"65":1,"66":1,"67":1,"68":1,"72":1,"73":1,"74":1,"75":1,"76":1,"77":1,"78":1,"79":1,"80":1,"81":1,"82":1,"83":1,"84":1,"88":1,"89":1,"90":1,"91":1,"92":1,"93":1,"94":1,"95":1,"96":1,"97":1,"98":1,"99":1,"100":1,"104":1,"105":1,"106":1,"107":1,"108":1,"109":1,"110":1,"111":1,"112":1,"113":1,"114":1,"115":1,"116":1,"120":3,"121":3,"122":3,"123":3,"124":3,"125":3,"126":3,"127":3,"131":1,"132":1,"133":1,"134":1,"135":1,"136":1,"137":1,"138":1,"142":2,"143":2,"144":2,"145":2,"146":2,"147":2,"148":2,"149":2,"153":1,"154":1,"155":1,"156":1,"157":1,"158":1,"159":1,"160":1},"path":"/Users/hackdom/Projects/ethereum-libraries-array-utils/contracts/ArrayUtilsTestContractTwo.sol","s":{"1":3,"2":4,"3":1,"4":1,"5":1,"6":1,"7":3,"8":1,"9":2,"10":1},"b":{},"f":{"1":3,"2":4,"3":1,"4":1,"5":1,"6":1,"7":3,"8":1,"9":2,"10":1},"fnMap":{"1":{"name":"getSortedIndexOf256","line":27,"loc":{"start":{"line":27,"column":2},"end":{"line":27,"column":74}}},"2":{"name":"getSortedIndexOf128","line":39,"loc":{"start":{"line":39,"column":2},"end":{"line":39,"column":75}}},"3":{"name":"getSortedIndexOf64","line":55,"loc":{"start":{"line":55,"column":2},"end":{"line":55,"column":73}}},"4":{"name":"getSortedIndexOf32","line":71,"loc":{"start":{"line":71,"column":2},"end":{"line":71,"column":73}}},"5":{"name":"getSortedIndexOf16","line":87,"loc":{"start":{"line":87,"column":2},"end":{"line":87,"column":73}}},"6":{"name":"getSortedIndexOf8","line":103,"loc":{"start":{"line":103,"column":2},"end":{"line":103,"column":71}}},"7":{"name":"getUnsortedIndexOf256","line":119,"loc":{"start":{"line":119,"column":2},"end":{"line":119,"column":77}}},"8":{"name":"getUnsortedIndexOf64","line":130,"loc":{"start":{"line":130,"column":2},"end":{"line":130,"column":75}}},"9":{"name":"getNoIndexOf256","line":141,"loc":{"start":{"line":141,"column":2},"end":{"line":141,"column":86}}},"10":{"name":"getNoIndexOf64","line":152,"loc":{"start":{"line":152,"column":2},"end":{"line":152,"column":84}}}},"statementMap":{"1":{"start":{"line":36,"column":4},"end":{"line":36,"column":39}},"2":{"start":{"line":52,"column":4},"end":{"line":52,"column":39}},"3":{"start":{"line":68,"column":4},"end":{"line":68,"column":38}},"4":{"start":{"line":84,"column":4},"end":{"line":84,"column":38}},"5":{"start":{"line":100,"column":4},"end":{"line":100,"column":38}},"6":{"start":{"line":116,"column":4},"end":{"line":116,"column":37}},"7":{"start":{"line":127,"column":4},"end":{"line":127,"column":40}},"8":{"start":{"line":138,"column":4},"end":{"line":138,"column":39}},"9":{"start":{"line":149,"column":4},"end":{"line":149,"column":43}},"10":{"start":{"line":160,"column":4},"end":{"line":160,"column":42}}},"branchMap":{}}}