{"contracts/Array128Lib.sol":{"l":{"36":1,"37":1,"39":1,"62":1,"63":1,"65":1,"91":1,"92":1,"94":1,"129":14,"130":14,"194":1,"195":1,"202":31,"203":31,"209":1,"210":1,"211":1,"212":1,"213":1,"214":1,"215":1,"216":1,"217":5,"218":5,"219":5,"220":7,"221":7,"222":7,"223":3,"224":7,"225":5,"226":7,"227":1,"229":6,"230":6,"231":6,"232":6,"233":6,"236":5,"237":1,"239":4,"241":1,"242":9,"243":9,"244":9,"245":9,"246":9,"247":9,"248":9,"249":14,"250":14,"251":14,"252":11,"253":14,"254":3,"255":14,"256":3,"258":11,"259":11,"260":11,"261":11,"262":11,"271":1,"272":1,"274":1,"275":10,"277":10,"278":3,"279":12,"282":3,"283":3,"284":3,"288":1},"path":"/Users/hackdom/Projects/ethereum-libraries/ArrayUtilsLib/truffle/contracts/Array128Lib.sol","s":{"1":1,"2":1,"3":31,"4":31,"5":1,"6":1,"7":1,"8":1,"9":5,"10":5,"11":5,"12":7,"13":7,"14":7,"15":3,"16":7,"17":5,"18":7,"19":1,"20":6,"21":6,"22":6,"23":6,"24":6,"25":5,"26":4,"27":1,"28":9,"29":9,"30":9,"31":9,"32":9,"33":9,"34":9,"35":14,"36":14,"37":14,"38":11,"39":14,"40":3,"41":14,"42":3,"43":11,"44":11,"45":11,"46":11,"47":11,"48":1,"49":10,"50":10,"51":3,"52":12,"53":1},"b":{"1":[3,4],"2":[5,2],"3":[1,6],"4":[1,4],"5":[11,3],"6":[3,11],"7":[3,11],"8":[3,7]},"f":{"1":1,"2":1,"3":1,"4":14,"5":1,"6":31,"7":1,"8":1},"fnMap":{"1":{"name":"sumElements","line":35,"loc":{"start":{"line":35,"column":2},"end":{"line":35,"column":79}}},"2":{"name":"getMax","line":61,"loc":{"start":{"line":61,"column":2},"end":{"line":61,"column":79}}},"3":{"name":"getMin","line":90,"loc":{"start":{"line":90,"column":2},"end":{"line":90,"column":79}}},"4":{"name":"indexOf","line":125,"loc":{"start":{"line":125,"column":2},"end":{"line":128,"column":47}}},"5":{"name":"getParentI","line":193,"loc":{"start":{"line":193,"column":2},"end":{"line":193,"column":70}}},"6":{"name":"getLeftChildI","line":201,"loc":{"start":{"line":201,"column":2},"end":{"line":201,"column":74}}},"7":{"name":"heapSort","line":208,"loc":{"start":{"line":208,"column":2},"end":{"line":208,"column":50}}},"8":{"name":"uniq","line":270,"loc":{"start":{"line":270,"column":2},"end":{"line":270,"column":71}}}},"statementMap":{"1":{"start":{"line":194,"column":4},"end":{"line":194,"column":24}},"2":{"start":{"line":195,"column":4},"end":{"line":195,"column":11}},"3":{"start":{"line":202,"column":4},"end":{"line":202,"column":24}},"4":{"start":{"line":203,"column":4},"end":{"line":203,"column":14}},"5":{"start":{"line":209,"column":4},"end":{"line":209,"column":32}},"6":{"start":{"line":210,"column":4},"end":{"line":210,"column":34}},"7":{"start":{"line":211,"column":4},"end":{"line":211,"column":23}},"8":{"start":{"line":216,"column":4},"end":{"line":216,"column":6685}},"9":{"start":{"line":217,"column":6},"end":{"line":217,"column":17}},"10":{"start":{"line":218,"column":6},"end":{"line":218,"column":34}},"11":{"start":{"line":219,"column":6},"end":{"line":219,"column":6769}},"12":{"start":{"line":220,"column":8},"end":{"line":220,"column":26}},"13":{"start":{"line":221,"column":8},"end":{"line":221,"column":18}},"14":{"start":{"line":222,"column":8},"end":{"line":222,"column":6866}},"15":{"start":{"line":223,"column":10},"end":{"line":223,"column":22}},"16":{"start":{"line":224,"column":8},"end":{"line":224,"column":6929}},"17":{"start":{"line":225,"column":10},"end":{"line":225,"column":22}},"18":{"start":{"line":226,"column":8},"end":{"line":226,"column":6996}},"19":{"start":{"line":227,"column":10},"end":{"line":227,"column":23}},"20":{"start":{"line":229,"column":10},"end":{"line":229,"column":26}},"21":{"start":{"line":230,"column":10},"end":{"line":230,"column":32}},"22":{"start":{"line":231,"column":10},"end":{"line":231,"column":26}},"23":{"start":{"line":232,"column":10},"end":{"line":232,"column":20}},"24":{"start":{"line":233,"column":10},"end":{"line":233,"column":37}},"25":{"start":{"line":236,"column":6},"end":{"line":236,"column":7251}},"26":{"start":{"line":239,"column":8},"end":{"line":239,"column":24}},"27":{"start":{"line":241,"column":4},"end":{"line":241,"column":7308}},"28":{"start":{"line":242,"column":6},"end":{"line":242,"column":21}},"29":{"start":{"line":243,"column":6},"end":{"line":243,"column":24}},"30":{"start":{"line":244,"column":6},"end":{"line":244,"column":19}},"31":{"start":{"line":245,"column":6},"end":{"line":245,"column":18}},"32":{"start":{"line":246,"column":6},"end":{"line":246,"column":13}},"33":{"start":{"line":247,"column":6},"end":{"line":247,"column":30}},"34":{"start":{"line":248,"column":6},"end":{"line":248,"column":7475}},"35":{"start":{"line":249,"column":8},"end":{"line":249,"column":26}},"36":{"start":{"line":250,"column":8},"end":{"line":250,"column":18}},"37":{"start":{"line":251,"column":8},"end":{"line":251,"column":7572}},"38":{"start":{"line":252,"column":10},"end":{"line":252,"column":22}},"39":{"start":{"line":253,"column":8},"end":{"line":253,"column":7635}},"40":{"start":{"line":254,"column":10},"end":{"line":254,"column":22}},"41":{"start":{"line":255,"column":8},"end":{"line":255,"column":7702}},"42":{"start":{"line":256,"column":10},"end":{"line":256,"column":25}},"43":{"start":{"line":258,"column":10},"end":{"line":258,"column":26}},"44":{"start":{"line":259,"column":10},"end":{"line":259,"column":32}},"45":{"start":{"line":260,"column":10},"end":{"line":260,"column":26}},"46":{"start":{"line":261,"column":10},"end":{"line":261,"column":20}},"47":{"start":{"line":262,"column":10},"end":{"line":262,"column":37}},"48":{"start":{"line":274,"column":4},"end":{"line":274,"column":8176}},"49":{"start":{"line":275,"column":6},"end":{"line":275,"column":54}},"50":{"start":{"line":277,"column":6},"end":{"line":277,"column":8286}},"51":{"start":{"line":278,"column":8},"end":{"line":278,"column":8313}},"52":{"start":{"line":279,"column":10},"end":{"line":279,"column":30}},"53":{"start":{"line":288,"column":4},"end":{"line":288,"column":23}}},"branchMap":{"1":{"line":222,"type":"if","locations":[{"start":{"line":222,"column":8},"end":{"line":222,"column":8}},{"start":{"line":222,"column":8},"end":{"line":222,"column":8}}]},"2":{"line":224,"type":"if","locations":[{"start":{"line":224,"column":8},"end":{"line":224,"column":8}},{"start":{"line":224,"column":8},"end":{"line":224,"column":8}}]},"3":{"line":226,"type":"if","locations":[{"start":{"line":226,"column":8},"end":{"line":226,"column":8}},{"start":{"line":226,"column":8},"end":{"line":226,"column":8}}]},"4":{"line":236,"type":"if","locations":[{"start":{"line":236,"column":6},"end":{"line":236,"column":6}},{"start":{"line":236,"column":6},"end":{"line":236,"column":6}}]},"5":{"line":251,"type":"if","locations":[{"start":{"line":251,"column":8},"end":{"line":251,"column":8}},{"start":{"line":251,"column":8},"end":{"line":251,"column":8}}]},"6":{"line":253,"type":"if","locations":[{"start":{"line":253,"column":8},"end":{"line":253,"column":8}},{"start":{"line":253,"column":8},"end":{"line":253,"column":8}}]},"7":{"line":255,"type":"if","locations":[{"start":{"line":255,"column":8},"end":{"line":255,"column":8}},{"start":{"line":255,"column":8},"end":{"line":255,"column":8}}]},"8":{"line":277,"type":"if","locations":[{"start":{"line":277,"column":6},"end":{"line":277,"column":6}},{"start":{"line":277,"column":6},"end":{"line":277,"column":6}}]}}},"contracts/Array16Lib.sol":{"l":{"36":1,"37":1,"39":1,"62":1,"63":1,"65":1,"91":1,"92":1,"94":1,"130":11,"131":1,"132":1,"133":1,"134":1,"135":4,"136":4,"137":1,"138":1,"139":1,"141":2,"143":1,"147":10,"148":34,"149":10,"150":10,"151":10,"161":1,"162":1,"169":31,"170":31,"176":1,"177":1,"178":1,"179":1,"180":1,"181":1,"182":1,"183":1,"184":5,"185":5,"186":5,"187":7,"188":7,"189":7,"190":3,"191":7,"192":5,"193":7,"194":1,"196":6,"197":6,"198":6,"199":6,"200":6,"203":5,"204":1,"206":4,"208":1,"209":9,"210":9,"211":9,"212":9,"213":9,"214":9,"215":9,"216":14,"217":14,"218":14,"219":11,"220":14,"221":3,"222":14,"223":3,"225":11,"226":11,"227":11,"228":11,"229":11,"238":1,"239":1,"241":1,"242":10,"244":10,"245":3,"246":12,"249":3,"250":3,"251":3,"255":1},"path":"/Users/hackdom/Projects/ethereum-libraries/ArrayUtilsLib/truffle/contracts/Array16Lib.sol","s":{"1":11,"2":1,"3":1,"4":1,"5":1,"6":4,"7":4,"8":1,"9":1,"10":1,"11":3,"12":2,"13":1,"14":10,"15":34,"16":10,"17":10,"18":10,"19":1,"20":1,"21":31,"22":31,"23":1,"24":1,"25":1,"26":1,"27":5,"28":5,"29":5,"30":7,"31":7,"32":7,"33":3,"34":7,"35":5,"36":7,"37":1,"38":6,"39":6,"40":6,"41":6,"42":6,"43":5,"44":4,"45":1,"46":9,"47":9,"48":9,"49":9,"50":9,"51":9,"52":9,"53":14,"54":14,"55":14,"56":11,"57":14,"58":3,"59":14,"60":3,"61":11,"62":11,"63":11,"64":11,"65":11,"66":1,"67":10,"68":10,"69":3,"70":12,"71":1},"b":{"1":[1,10],"2":[1,3],"3":[2,1],"4":[10,24],"5":[3,4],"6":[5,2],"7":[1,6],"8":[1,4],"9":[11,3],"10":[3,11],"11":[3,11],"12":[3,7]},"f":{"1":1,"2":1,"3":1,"4":11,"5":1,"6":31,"7":1,"8":1},"fnMap":{"1":{"name":"sumElements","line":35,"loc":{"start":{"line":35,"column":2},"end":{"line":35,"column":78}}},"2":{"name":"getMax","line":61,"loc":{"start":{"line":61,"column":2},"end":{"line":61,"column":77}}},"3":{"name":"getMin","line":90,"loc":{"start":{"line":90,"column":2},"end":{"line":90,"column":77}}},"4":{"name":"indexOf","line":126,"loc":{"start":{"line":126,"column":2},"end":{"line":129,"column":47}}},"5":{"name":"getParentI","line":160,"loc":{"start":{"line":160,"column":2},"end":{"line":160,"column":70}}},"6":{"name":"getLeftChildI","line":168,"loc":{"start":{"line":168,"column":2},"end":{"line":168,"column":74}}},"7":{"name":"heapSort","line":175,"loc":{"start":{"line":175,"column":2},"end":{"line":175,"column":49}}},"8":{"name":"uniq","line":237,"loc":{"start":{"line":237,"column":2},"end":{"line":237,"column":70}}}},"statementMap":{"1":{"start":{"line":130,"column":4},"end":{"line":130,"column":4265}},"2":{"start":{"line":131,"column":8},"end":{"line":131,"column":37}},"3":{"start":{"line":132,"column":8},"end":{"line":132,"column":22}},"4":{"start":{"line":133,"column":8},"end":{"line":133,"column":22}},"5":{"start":{"line":134,"column":8},"end":{"line":134,"column":4383}},"6":{"start":{"line":135,"column":10},"end":{"line":135,"column":27}},"7":{"start":{"line":136,"column":10},"end":{"line":136,"column":4447}},"8":{"start":{"line":137,"column":12},"end":{"line":137,"column":23}},"9":{"start":{"line":138,"column":12},"end":{"line":138,"column":22}},"10":{"start":{"line":139,"column":12},"end":{"line":139,"column":25}},"11":{"start":{"line":140,"column":17},"end":{"line":140,"column":4569}},"12":{"start":{"line":141,"column":12},"end":{"line":141,"column":24}},"13":{"start":{"line":143,"column":12},"end":{"line":143,"column":25}},"14":{"start":{"line":147,"column":6},"end":{"line":147,"column":4705}},"15":{"start":{"line":148,"column":8},"end":{"line":148,"column":4757}},"16":{"start":{"line":149,"column":10},"end":{"line":149,"column":21}},"17":{"start":{"line":150,"column":10},"end":{"line":150,"column":18}},"18":{"start":{"line":151,"column":10},"end":{"line":151,"column":24}},"19":{"start":{"line":161,"column":4},"end":{"line":161,"column":24}},"20":{"start":{"line":162,"column":4},"end":{"line":162,"column":11}},"21":{"start":{"line":169,"column":4},"end":{"line":169,"column":24}},"22":{"start":{"line":170,"column":4},"end":{"line":170,"column":14}},"23":{"start":{"line":176,"column":4},"end":{"line":176,"column":32}},"24":{"start":{"line":177,"column":4},"end":{"line":177,"column":34}},"25":{"start":{"line":178,"column":4},"end":{"line":178,"column":23}},"26":{"start":{"line":183,"column":4},"end":{"line":183,"column":5706}},"27":{"start":{"line":184,"column":6},"end":{"line":184,"column":17}},"28":{"start":{"line":185,"column":6},"end":{"line":185,"column":34}},"29":{"start":{"line":186,"column":6},"end":{"line":186,"column":5790}},"30":{"start":{"line":187,"column":8},"end":{"line":187,"column":26}},"31":{"start":{"line":188,"column":8},"end":{"line":188,"column":18}},"32":{"start":{"line":189,"column":8},"end":{"line":189,"column":5887}},"33":{"start":{"line":190,"column":10},"end":{"line":190,"column":22}},"34":{"start":{"line":191,"column":8},"end":{"line":191,"column":5950}},"35":{"start":{"line":192,"column":10},"end":{"line":192,"column":22}},"36":{"start":{"line":193,"column":8},"end":{"line":193,"column":6017}},"37":{"start":{"line":194,"column":10},"end":{"line":194,"column":23}},"38":{"start":{"line":196,"column":10},"end":{"line":196,"column":26}},"39":{"start":{"line":197,"column":10},"end":{"line":197,"column":32}},"40":{"start":{"line":198,"column":10},"end":{"line":198,"column":26}},"41":{"start":{"line":199,"column":10},"end":{"line":199,"column":20}},"42":{"start":{"line":200,"column":10},"end":{"line":200,"column":37}},"43":{"start":{"line":203,"column":6},"end":{"line":203,"column":6272}},"44":{"start":{"line":206,"column":8},"end":{"line":206,"column":24}},"45":{"start":{"line":208,"column":4},"end":{"line":208,"column":6329}},"46":{"start":{"line":209,"column":6},"end":{"line":209,"column":21}},"47":{"start":{"line":210,"column":6},"end":{"line":210,"column":24}},"48":{"start":{"line":211,"column":6},"end":{"line":211,"column":19}},"49":{"start":{"line":212,"column":6},"end":{"line":212,"column":18}},"50":{"start":{"line":213,"column":6},"end":{"line":213,"column":13}},"51":{"start":{"line":214,"column":6},"end":{"line":214,"column":30}},"52":{"start":{"line":215,"column":6},"end":{"line":215,"column":6496}},"53":{"start":{"line":216,"column":8},"end":{"line":216,"column":26}},"54":{"start":{"line":217,"column":8},"end":{"line":217,"column":18}},"55":{"start":{"line":218,"column":8},"end":{"line":218,"column":6593}},"56":{"start":{"line":219,"column":10},"end":{"line":219,"column":22}},"57":{"start":{"line":220,"column":8},"end":{"line":220,"column":6656}},"58":{"start":{"line":221,"column":10},"end":{"line":221,"column":22}},"59":{"start":{"line":222,"column":8},"end":{"line":222,"column":6723}},"60":{"start":{"line":223,"column":10},"end":{"line":223,"column":25}},"61":{"start":{"line":225,"column":10},"end":{"line":225,"column":26}},"62":{"start":{"line":226,"column":10},"end":{"line":226,"column":32}},"63":{"start":{"line":227,"column":10},"end":{"line":227,"column":26}},"64":{"start":{"line":228,"column":10},"end":{"line":228,"column":20}},"65":{"start":{"line":229,"column":10},"end":{"line":229,"column":37}},"66":{"start":{"line":241,"column":4},"end":{"line":241,"column":7196}},"67":{"start":{"line":242,"column":6},"end":{"line":242,"column":54}},"68":{"start":{"line":244,"column":6},"end":{"line":244,"column":7306}},"69":{"start":{"line":245,"column":8},"end":{"line":245,"column":7333}},"70":{"start":{"line":246,"column":10},"end":{"line":246,"column":30}},"71":{"start":{"line":255,"column":4},"end":{"line":255,"column":23}}},"branchMap":{"1":{"line":130,"type":"if","locations":[{"start":{"line":130,"column":4},"end":{"line":130,"column":4}},{"start":{"line":130,"column":4},"end":{"line":130,"column":4}}]},"2":{"line":136,"type":"if","locations":[{"start":{"line":136,"column":10},"end":{"line":136,"column":10}},{"start":{"line":136,"column":10},"end":{"line":136,"column":10}}]},"3":{"line":140,"type":"if","locations":[{"start":{"line":140,"column":17},"end":{"line":140,"column":17}},{"start":{"line":140,"column":17},"end":{"line":140,"column":17}}]},"4":{"line":148,"type":"if","locations":[{"start":{"line":148,"column":8},"end":{"line":148,"column":8}},{"start":{"line":148,"column":8},"end":{"line":148,"column":8}}]},"5":{"line":189,"type":"if","locations":[{"start":{"line":189,"column":8},"end":{"line":189,"column":8}},{"start":{"line":189,"column":8},"end":{"line":189,"column":8}}]},"6":{"line":191,"type":"if","locations":[{"start":{"line":191,"column":8},"end":{"line":191,"column":8}},{"start":{"line":191,"column":8},"end":{"line":191,"column":8}}]},"7":{"line":193,"type":"if","locations":[{"start":{"line":193,"column":8},"end":{"line":193,"column":8}},{"start":{"line":193,"column":8},"end":{"line":193,"column":8}}]},"8":{"line":203,"type":"if","locations":[{"start":{"line":203,"column":6},"end":{"line":203,"column":6}},{"start":{"line":203,"column":6},"end":{"line":203,"column":6}}]},"9":{"line":218,"type":"if","locations":[{"start":{"line":218,"column":8},"end":{"line":218,"column":8}},{"start":{"line":218,"column":8},"end":{"line":218,"column":8}}]},"10":{"line":220,"type":"if","locations":[{"start":{"line":220,"column":8},"end":{"line":220,"column":8}},{"start":{"line":220,"column":8},"end":{"line":220,"column":8}}]},"11":{"line":222,"type":"if","locations":[{"start":{"line":222,"column":8},"end":{"line":222,"column":8}},{"start":{"line":222,"column":8},"end":{"line":222,"column":8}}]},"12":{"line":244,"type":"if","locations":[{"start":{"line":244,"column":6},"end":{"line":244,"column":6}},{"start":{"line":244,"column":6},"end":{"line":244,"column":6}}]}}},"contracts/Array256Lib.sol":{"l":{"36":1,"49":1,"66":1,"89":18,"133":1,"134":1,"141":31,"142":31,"148":1,"149":1,"150":1,"151":1,"152":1,"153":1,"154":1,"155":1,"156":5,"157":5,"158":5,"159":7,"160":7,"161":7,"162":3,"163":7,"164":5,"165":7,"166":1,"168":6,"169":6,"170":6,"171":6,"172":6,"175":5,"176":1,"178":4,"180":1,"181":9,"182":9,"183":9,"184":9,"185":9,"186":9,"187":9,"188":14,"189":14,"190":14,"191":11,"192":14,"193":3,"194":14,"195":3,"197":11,"198":11,"199":11,"200":11,"201":11,"210":1,"211":1,"213":1,"214":10,"216":10,"217":3,"218":12,"221":3,"222":3,"223":3,"227":1},"path":"/Users/hackdom/Projects/ethereum-libraries/ArrayUtilsLib/truffle/contracts/Array256Lib.sol","s":{"1":1,"2":1,"3":31,"4":31,"5":1,"6":1,"7":1,"8":1,"9":5,"10":5,"11":5,"12":7,"13":7,"14":7,"15":3,"16":7,"17":5,"18":7,"19":1,"20":6,"21":6,"22":6,"23":6,"24":6,"25":5,"26":4,"27":1,"28":9,"29":9,"30":9,"31":9,"32":9,"33":9,"34":9,"35":14,"36":14,"37":14,"38":11,"39":14,"40":3,"41":14,"42":3,"43":11,"44":11,"45":11,"46":11,"47":11,"48":1,"49":10,"50":10,"51":3,"52":12,"53":1},"b":{"1":[3,4],"2":[5,2],"3":[1,6],"4":[1,4],"5":[11,3],"6":[3,11],"7":[3,11],"8":[3,7]},"f":{"1":1,"2":1,"3":1,"4":18,"5":1,"6":31,"7":1,"8":1},"fnMap":{"1":{"name":"sumElements","line":35,"loc":{"start":{"line":35,"column":2},"end":{"line":35,"column":79}}},"2":{"name":"getMax","line":48,"loc":{"start":{"line":48,"column":2},"end":{"line":48,"column":79}}},"3":{"name":"getMin","line":65,"loc":{"start":{"line":65,"column":2},"end":{"line":65,"column":79}}},"4":{"name":"indexOf","line":85,"loc":{"start":{"line":85,"column":2},"end":{"line":88,"column":47}}},"5":{"name":"getParentI","line":132,"loc":{"start":{"line":132,"column":2},"end":{"line":132,"column":70}}},"6":{"name":"getLeftChildI","line":140,"loc":{"start":{"line":140,"column":2},"end":{"line":140,"column":74}}},"7":{"name":"heapSort","line":147,"loc":{"start":{"line":147,"column":2},"end":{"line":147,"column":50}}},"8":{"name":"uniq","line":209,"loc":{"start":{"line":209,"column":2},"end":{"line":209,"column":71}}}},"statementMap":{"1":{"start":{"line":133,"column":4},"end":{"line":133,"column":24}},"2":{"start":{"line":134,"column":4},"end":{"line":134,"column":11}},"3":{"start":{"line":141,"column":4},"end":{"line":141,"column":24}},"4":{"start":{"line":142,"column":4},"end":{"line":142,"column":14}},"5":{"start":{"line":148,"column":4},"end":{"line":148,"column":32}},"6":{"start":{"line":149,"column":4},"end":{"line":149,"column":34}},"7":{"start":{"line":150,"column":4},"end":{"line":150,"column":23}},"8":{"start":{"line":155,"column":4},"end":{"line":155,"column":5187}},"9":{"start":{"line":156,"column":6},"end":{"line":156,"column":17}},"10":{"start":{"line":157,"column":6},"end":{"line":157,"column":34}},"11":{"start":{"line":158,"column":6},"end":{"line":158,"column":5271}},"12":{"start":{"line":159,"column":8},"end":{"line":159,"column":26}},"13":{"start":{"line":160,"column":8},"end":{"line":160,"column":18}},"14":{"start":{"line":161,"column":8},"end":{"line":161,"column":5368}},"15":{"start":{"line":162,"column":10},"end":{"line":162,"column":22}},"16":{"start":{"line":163,"column":8},"end":{"line":163,"column":5431}},"17":{"start":{"line":164,"column":10},"end":{"line":164,"column":22}},"18":{"start":{"line":165,"column":8},"end":{"line":165,"column":5498}},"19":{"start":{"line":166,"column":10},"end":{"line":166,"column":23}},"20":{"start":{"line":168,"column":10},"end":{"line":168,"column":26}},"21":{"start":{"line":169,"column":10},"end":{"line":169,"column":32}},"22":{"start":{"line":170,"column":10},"end":{"line":170,"column":26}},"23":{"start":{"line":171,"column":10},"end":{"line":171,"column":20}},"24":{"start":{"line":172,"column":10},"end":{"line":172,"column":37}},"25":{"start":{"line":175,"column":6},"end":{"line":175,"column":5753}},"26":{"start":{"line":178,"column":8},"end":{"line":178,"column":24}},"27":{"start":{"line":180,"column":4},"end":{"line":180,"column":5810}},"28":{"start":{"line":181,"column":6},"end":{"line":181,"column":21}},"29":{"start":{"line":182,"column":6},"end":{"line":182,"column":24}},"30":{"start":{"line":183,"column":6},"end":{"line":183,"column":19}},"31":{"start":{"line":184,"column":6},"end":{"line":184,"column":18}},"32":{"start":{"line":185,"column":6},"end":{"line":185,"column":13}},"33":{"start":{"line":186,"column":6},"end":{"line":186,"column":30}},"34":{"start":{"line":187,"column":6},"end":{"line":187,"column":5977}},"35":{"start":{"line":188,"column":8},"end":{"line":188,"column":26}},"36":{"start":{"line":189,"column":8},"end":{"line":189,"column":18}},"37":{"start":{"line":190,"column":8},"end":{"line":190,"column":6074}},"38":{"start":{"line":191,"column":10},"end":{"line":191,"column":22}},"39":{"start":{"line":192,"column":8},"end":{"line":192,"column":6137}},"40":{"start":{"line":193,"column":10},"end":{"line":193,"column":22}},"41":{"start":{"line":194,"column":8},"end":{"line":194,"column":6204}},"42":{"start":{"line":195,"column":10},"end":{"line":195,"column":25}},"43":{"start":{"line":197,"column":10},"end":{"line":197,"column":26}},"44":{"start":{"line":198,"column":10},"end":{"line":198,"column":32}},"45":{"start":{"line":199,"column":10},"end":{"line":199,"column":26}},"46":{"start":{"line":200,"column":10},"end":{"line":200,"column":20}},"47":{"start":{"line":201,"column":10},"end":{"line":201,"column":37}},"48":{"start":{"line":213,"column":4},"end":{"line":213,"column":6678}},"49":{"start":{"line":214,"column":6},"end":{"line":214,"column":54}},"50":{"start":{"line":216,"column":6},"end":{"line":216,"column":6788}},"51":{"start":{"line":217,"column":8},"end":{"line":217,"column":6815}},"52":{"start":{"line":218,"column":10},"end":{"line":218,"column":30}},"53":{"start":{"line":227,"column":4},"end":{"line":227,"column":23}}},"branchMap":{"1":{"line":161,"type":"if","locations":[{"start":{"line":161,"column":8},"end":{"line":161,"column":8}},{"start":{"line":161,"column":8},"end":{"line":161,"column":8}}]},"2":{"line":163,"type":"if","locations":[{"start":{"line":163,"column":8},"end":{"line":163,"column":8}},{"start":{"line":163,"column":8},"end":{"line":163,"column":8}}]},"3":{"line":165,"type":"if","locations":[{"start":{"line":165,"column":8},"end":{"line":165,"column":8}},{"start":{"line":165,"column":8},"end":{"line":165,"column":8}}]},"4":{"line":175,"type":"if","locations":[{"start":{"line":175,"column":6},"end":{"line":175,"column":6}},{"start":{"line":175,"column":6},"end":{"line":175,"column":6}}]},"5":{"line":190,"type":"if","locations":[{"start":{"line":190,"column":8},"end":{"line":190,"column":8}},{"start":{"line":190,"column":8},"end":{"line":190,"column":8}}]},"6":{"line":192,"type":"if","locations":[{"start":{"line":192,"column":8},"end":{"line":192,"column":8}},{"start":{"line":192,"column":8},"end":{"line":192,"column":8}}]},"7":{"line":194,"type":"if","locations":[{"start":{"line":194,"column":8},"end":{"line":194,"column":8}},{"start":{"line":194,"column":8},"end":{"line":194,"column":8}}]},"8":{"line":216,"type":"if","locations":[{"start":{"line":216,"column":6},"end":{"line":216,"column":6}},{"start":{"line":216,"column":6},"end":{"line":216,"column":6}}]}}},"contracts/Array32Lib.sol":{"l":{"36":1,"37":1,"39":1,"62":1,"63":1,"65":1,"91":1,"92":1,"94":1,"130":11,"131":1,"132":1,"133":1,"134":1,"135":4,"136":4,"137":1,"138":1,"139":1,"141":2,"143":1,"147":10,"148":34,"149":10,"150":10,"151":10,"161":1,"162":1,"169":31,"170":31,"176":1,"177":1,"178":1,"179":1,"180":1,"181":1,"182":1,"183":1,"184":5,"185":5,"186":5,"187":7,"188":7,"189":7,"190":3,"191":7,"192":5,"193":7,"194":1,"196":6,"197":6,"198":6,"199":6,"200":6,"203":5,"204":1,"206":4,"208":1,"209":9,"210":9,"211":9,"212":9,"213":9,"214":9,"215":9,"216":14,"217":14,"218":14,"219":11,"220":14,"221":3,"222":14,"223":3,"225":11,"226":11,"227":11,"228":11,"229":11,"238":1,"239":1,"241":1,"242":10,"244":10,"245":3,"246":12,"249":3,"250":3,"251":3,"255":1},"path":"/Users/hackdom/Projects/ethereum-libraries/ArrayUtilsLib/truffle/contracts/Array32Lib.sol","s":{"1":11,"2":1,"3":1,"4":1,"5":1,"6":4,"7":4,"8":1,"9":1,"10":1,"11":3,"12":2,"13":1,"14":10,"15":34,"16":10,"17":10,"18":10,"19":1,"20":1,"21":31,"22":31,"23":1,"24":1,"25":1,"26":1,"27":5,"28":5,"29":5,"30":7,"31":7,"32":7,"33":3,"34":7,"35":5,"36":7,"37":1,"38":6,"39":6,"40":6,"41":6,"42":6,"43":5,"44":4,"45":1,"46":9,"47":9,"48":9,"49":9,"50":9,"51":9,"52":9,"53":14,"54":14,"55":14,"56":11,"57":14,"58":3,"59":14,"60":3,"61":11,"62":11,"63":11,"64":11,"65":11,"66":1,"67":10,"68":10,"69":3,"70":12,"71":1},"b":{"1":[1,10],"2":[1,3],"3":[2,1],"4":[10,24],"5":[3,4],"6":[5,2],"7":[1,6],"8":[1,4],"9":[11,3],"10":[3,11],"11":[3,11],"12":[3,7]},"f":{"1":1,"2":1,"3":1,"4":11,"5":1,"6":31,"7":1,"8":1},"fnMap":{"1":{"name":"sumElements","line":35,"loc":{"start":{"line":35,"column":2},"end":{"line":35,"column":78}}},"2":{"name":"getMax","line":61,"loc":{"start":{"line":61,"column":2},"end":{"line":61,"column":77}}},"3":{"name":"getMin","line":90,"loc":{"start":{"line":90,"column":2},"end":{"line":90,"column":77}}},"4":{"name":"indexOf","line":126,"loc":{"start":{"line":126,"column":2},"end":{"line":129,"column":47}}},"5":{"name":"getParentI","line":160,"loc":{"start":{"line":160,"column":2},"end":{"line":160,"column":70}}},"6":{"name":"getLeftChildI","line":168,"loc":{"start":{"line":168,"column":2},"end":{"line":168,"column":74}}},"7":{"name":"heapSort","line":175,"loc":{"start":{"line":175,"column":2},"end":{"line":175,"column":49}}},"8":{"name":"uniq","line":237,"loc":{"start":{"line":237,"column":2},"end":{"line":237,"column":70}}}},"statementMap":{"1":{"start":{"line":130,"column":4},"end":{"line":130,"column":4274}},"2":{"start":{"line":131,"column":8},"end":{"line":131,"column":37}},"3":{"start":{"line":132,"column":8},"end":{"line":132,"column":22}},"4":{"start":{"line":133,"column":8},"end":{"line":133,"column":22}},"5":{"start":{"line":134,"column":8},"end":{"line":134,"column":4392}},"6":{"start":{"line":135,"column":10},"end":{"line":135,"column":27}},"7":{"start":{"line":136,"column":10},"end":{"line":136,"column":4456}},"8":{"start":{"line":137,"column":12},"end":{"line":137,"column":23}},"9":{"start":{"line":138,"column":12},"end":{"line":138,"column":22}},"10":{"start":{"line":139,"column":12},"end":{"line":139,"column":25}},"11":{"start":{"line":140,"column":17},"end":{"line":140,"column":4578}},"12":{"start":{"line":141,"column":12},"end":{"line":141,"column":24}},"13":{"start":{"line":143,"column":12},"end":{"line":143,"column":25}},"14":{"start":{"line":147,"column":6},"end":{"line":147,"column":4714}},"15":{"start":{"line":148,"column":8},"end":{"line":148,"column":4766}},"16":{"start":{"line":149,"column":10},"end":{"line":149,"column":21}},"17":{"start":{"line":150,"column":10},"end":{"line":150,"column":18}},"18":{"start":{"line":151,"column":10},"end":{"line":151,"column":24}},"19":{"start":{"line":161,"column":4},"end":{"line":161,"column":24}},"20":{"start":{"line":162,"column":4},"end":{"line":162,"column":11}},"21":{"start":{"line":169,"column":4},"end":{"line":169,"column":24}},"22":{"start":{"line":170,"column":4},"end":{"line":170,"column":14}},"23":{"start":{"line":176,"column":4},"end":{"line":176,"column":32}},"24":{"start":{"line":177,"column":4},"end":{"line":177,"column":34}},"25":{"start":{"line":178,"column":4},"end":{"line":178,"column":23}},"26":{"start":{"line":183,"column":4},"end":{"line":183,"column":5715}},"27":{"start":{"line":184,"column":6},"end":{"line":184,"column":17}},"28":{"start":{"line":185,"column":6},"end":{"line":185,"column":34}},"29":{"start":{"line":186,"column":6},"end":{"line":186,"column":5799}},"30":{"start":{"line":187,"column":8},"end":{"line":187,"column":26}},"31":{"start":{"line":188,"column":8},"end":{"line":188,"column":18}},"32":{"start":{"line":189,"column":8},"end":{"line":189,"column":5896}},"33":{"start":{"line":190,"column":10},"end":{"line":190,"column":22}},"34":{"start":{"line":191,"column":8},"end":{"line":191,"column":5959}},"35":{"start":{"line":192,"column":10},"end":{"line":192,"column":22}},"36":{"start":{"line":193,"column":8},"end":{"line":193,"column":6026}},"37":{"start":{"line":194,"column":10},"end":{"line":194,"column":23}},"38":{"start":{"line":196,"column":10},"end":{"line":196,"column":26}},"39":{"start":{"line":197,"column":10},"end":{"line":197,"column":32}},"40":{"start":{"line":198,"column":10},"end":{"line":198,"column":26}},"41":{"start":{"line":199,"column":10},"end":{"line":199,"column":20}},"42":{"start":{"line":200,"column":10},"end":{"line":200,"column":37}},"43":{"start":{"line":203,"column":6},"end":{"line":203,"column":6281}},"44":{"start":{"line":206,"column":8},"end":{"line":206,"column":24}},"45":{"start":{"line":208,"column":4},"end":{"line":208,"column":6338}},"46":{"start":{"line":209,"column":6},"end":{"line":209,"column":21}},"47":{"start":{"line":210,"column":6},"end":{"line":210,"column":24}},"48":{"start":{"line":211,"column":6},"end":{"line":211,"column":19}},"49":{"start":{"line":212,"column":6},"end":{"line":212,"column":18}},"50":{"start":{"line":213,"column":6},"end":{"line":213,"column":13}},"51":{"start":{"line":214,"column":6},"end":{"line":214,"column":30}},"52":{"start":{"line":215,"column":6},"end":{"line":215,"column":6505}},"53":{"start":{"line":216,"column":8},"end":{"line":216,"column":26}},"54":{"start":{"line":217,"column":8},"end":{"line":217,"column":18}},"55":{"start":{"line":218,"column":8},"end":{"line":218,"column":6602}},"56":{"start":{"line":219,"column":10},"end":{"line":219,"column":22}},"57":{"start":{"line":220,"column":8},"end":{"line":220,"column":6665}},"58":{"start":{"line":221,"column":10},"end":{"line":221,"column":22}},"59":{"start":{"line":222,"column":8},"end":{"line":222,"column":6732}},"60":{"start":{"line":223,"column":10},"end":{"line":223,"column":25}},"61":{"start":{"line":225,"column":10},"end":{"line":225,"column":26}},"62":{"start":{"line":226,"column":10},"end":{"line":226,"column":32}},"63":{"start":{"line":227,"column":10},"end":{"line":227,"column":26}},"64":{"start":{"line":228,"column":10},"end":{"line":228,"column":20}},"65":{"start":{"line":229,"column":10},"end":{"line":229,"column":37}},"66":{"start":{"line":241,"column":4},"end":{"line":241,"column":7205}},"67":{"start":{"line":242,"column":6},"end":{"line":242,"column":54}},"68":{"start":{"line":244,"column":6},"end":{"line":244,"column":7315}},"69":{"start":{"line":245,"column":8},"end":{"line":245,"column":7342}},"70":{"start":{"line":246,"column":10},"end":{"line":246,"column":30}},"71":{"start":{"line":255,"column":4},"end":{"line":255,"column":23}}},"branchMap":{"1":{"line":130,"type":"if","locations":[{"start":{"line":130,"column":4},"end":{"line":130,"column":4}},{"start":{"line":130,"column":4},"end":{"line":130,"column":4}}]},"2":{"line":136,"type":"if","locations":[{"start":{"line":136,"column":10},"end":{"line":136,"column":10}},{"start":{"line":136,"column":10},"end":{"line":136,"column":10}}]},"3":{"line":140,"type":"if","locations":[{"start":{"line":140,"column":17},"end":{"line":140,"column":17}},{"start":{"line":140,"column":17},"end":{"line":140,"column":17}}]},"4":{"line":148,"type":"if","locations":[{"start":{"line":148,"column":8},"end":{"line":148,"column":8}},{"start":{"line":148,"column":8},"end":{"line":148,"column":8}}]},"5":{"line":189,"type":"if","locations":[{"start":{"line":189,"column":8},"end":{"line":189,"column":8}},{"start":{"line":189,"column":8},"end":{"line":189,"column":8}}]},"6":{"line":191,"type":"if","locations":[{"start":{"line":191,"column":8},"end":{"line":191,"column":8}},{"start":{"line":191,"column":8},"end":{"line":191,"column":8}}]},"7":{"line":193,"type":"if","locations":[{"start":{"line":193,"column":8},"end":{"line":193,"column":8}},{"start":{"line":193,"column":8},"end":{"line":193,"column":8}}]},"8":{"line":203,"type":"if","locations":[{"start":{"line":203,"column":6},"end":{"line":203,"column":6}},{"start":{"line":203,"column":6},"end":{"line":203,"column":6}}]},"9":{"line":218,"type":"if","locations":[{"start":{"line":218,"column":8},"end":{"line":218,"column":8}},{"start":{"line":218,"column":8},"end":{"line":218,"column":8}}]},"10":{"line":220,"type":"if","locations":[{"start":{"line":220,"column":8},"end":{"line":220,"column":8}},{"start":{"line":220,"column":8},"end":{"line":220,"column":8}}]},"11":{"line":222,"type":"if","locations":[{"start":{"line":222,"column":8},"end":{"line":222,"column":8}},{"start":{"line":222,"column":8},"end":{"line":222,"column":8}}]},"12":{"line":244,"type":"if","locations":[{"start":{"line":244,"column":6},"end":{"line":244,"column":6}},{"start":{"line":244,"column":6},"end":{"line":244,"column":6}}]}}},"contracts/Array64Lib.sol":{"l":{"36":1,"37":1,"39":1,"62":1,"63":1,"65":1,"91":1,"92":1,"94":1,"130":13,"131":1,"132":1,"133":1,"134":1,"135":4,"136":4,"137":1,"138":1,"139":1,"141":2,"143":1,"147":12,"148":46,"149":11,"150":11,"151":11,"161":1,"162":1,"169":31,"170":31,"176":1,"177":1,"178":1,"179":1,"180":1,"181":1,"182":1,"183":1,"184":5,"185":5,"186":5,"187":7,"188":7,"189":7,"190":3,"191":7,"192":5,"193":7,"194":1,"196":6,"197":6,"198":6,"199":6,"200":6,"203":5,"204":1,"206":4,"208":1,"209":9,"210":9,"211":9,"212":9,"213":9,"214":9,"215":9,"216":14,"217":14,"218":14,"219":11,"220":14,"221":3,"222":14,"223":3,"225":11,"226":11,"227":11,"228":11,"229":11,"238":1,"239":1,"241":1,"242":10,"244":10,"245":3,"246":12,"249":3,"250":3,"251":3,"255":1},"path":"/Users/hackdom/Projects/ethereum-libraries/ArrayUtilsLib/truffle/contracts/Array64Lib.sol","s":{"1":13,"2":1,"3":1,"4":1,"5":1,"6":4,"7":4,"8":1,"9":1,"10":1,"11":3,"12":2,"13":1,"14":12,"15":46,"16":11,"17":11,"18":11,"19":1,"20":1,"21":31,"22":31,"23":1,"24":1,"25":1,"26":1,"27":5,"28":5,"29":5,"30":7,"31":7,"32":7,"33":3,"34":7,"35":5,"36":7,"37":1,"38":6,"39":6,"40":6,"41":6,"42":6,"43":5,"44":4,"45":1,"46":9,"47":9,"48":9,"49":9,"50":9,"51":9,"52":9,"53":14,"54":14,"55":14,"56":11,"57":14,"58":3,"59":14,"60":3,"61":11,"62":11,"63":11,"64":11,"65":11,"66":1,"67":10,"68":10,"69":3,"70":12,"71":1},"b":{"1":[1,12],"2":[1,3],"3":[2,1],"4":[11,35],"5":[3,4],"6":[5,2],"7":[1,6],"8":[1,4],"9":[11,3],"10":[3,11],"11":[3,11],"12":[3,7]},"f":{"1":1,"2":1,"3":1,"4":13,"5":1,"6":31,"7":1,"8":1},"fnMap":{"1":{"name":"sumElements","line":35,"loc":{"start":{"line":35,"column":2},"end":{"line":35,"column":78}}},"2":{"name":"getMax","line":61,"loc":{"start":{"line":61,"column":2},"end":{"line":61,"column":77}}},"3":{"name":"getMin","line":90,"loc":{"start":{"line":90,"column":2},"end":{"line":90,"column":77}}},"4":{"name":"indexOf","line":126,"loc":{"start":{"line":126,"column":2},"end":{"line":129,"column":47}}},"5":{"name":"getParentI","line":160,"loc":{"start":{"line":160,"column":2},"end":{"line":160,"column":70}}},"6":{"name":"getLeftChildI","line":168,"loc":{"start":{"line":168,"column":2},"end":{"line":168,"column":74}}},"7":{"name":"heapSort","line":175,"loc":{"start":{"line":175,"column":2},"end":{"line":175,"column":49}}},"8":{"name":"uniq","line":237,"loc":{"start":{"line":237,"column":2},"end":{"line":237,"column":70}}}},"statementMap":{"1":{"start":{"line":130,"column":4},"end":{"line":130,"column":4298}},"2":{"start":{"line":131,"column":8},"end":{"line":131,"column":37}},"3":{"start":{"line":132,"column":8},"end":{"line":132,"column":22}},"4":{"start":{"line":133,"column":8},"end":{"line":133,"column":22}},"5":{"start":{"line":134,"column":8},"end":{"line":134,"column":4416}},"6":{"start":{"line":135,"column":10},"end":{"line":135,"column":27}},"7":{"start":{"line":136,"column":10},"end":{"line":136,"column":4480}},"8":{"start":{"line":137,"column":12},"end":{"line":137,"column":23}},"9":{"start":{"line":138,"column":12},"end":{"line":138,"column":22}},"10":{"start":{"line":139,"column":12},"end":{"line":139,"column":25}},"11":{"start":{"line":140,"column":17},"end":{"line":140,"column":4602}},"12":{"start":{"line":141,"column":12},"end":{"line":141,"column":24}},"13":{"start":{"line":143,"column":12},"end":{"line":143,"column":25}},"14":{"start":{"line":147,"column":6},"end":{"line":147,"column":4738}},"15":{"start":{"line":148,"column":8},"end":{"line":148,"column":4790}},"16":{"start":{"line":149,"column":10},"end":{"line":149,"column":21}},"17":{"start":{"line":150,"column":10},"end":{"line":150,"column":18}},"18":{"start":{"line":151,"column":10},"end":{"line":151,"column":24}},"19":{"start":{"line":161,"column":4},"end":{"line":161,"column":24}},"20":{"start":{"line":162,"column":4},"end":{"line":162,"column":11}},"21":{"start":{"line":169,"column":4},"end":{"line":169,"column":24}},"22":{"start":{"line":170,"column":4},"end":{"line":170,"column":14}},"23":{"start":{"line":176,"column":4},"end":{"line":176,"column":32}},"24":{"start":{"line":177,"column":4},"end":{"line":177,"column":34}},"25":{"start":{"line":178,"column":4},"end":{"line":178,"column":23}},"26":{"start":{"line":183,"column":4},"end":{"line":183,"column":5739}},"27":{"start":{"line":184,"column":6},"end":{"line":184,"column":17}},"28":{"start":{"line":185,"column":6},"end":{"line":185,"column":34}},"29":{"start":{"line":186,"column":6},"end":{"line":186,"column":5823}},"30":{"start":{"line":187,"column":8},"end":{"line":187,"column":26}},"31":{"start":{"line":188,"column":8},"end":{"line":188,"column":18}},"32":{"start":{"line":189,"column":8},"end":{"line":189,"column":5920}},"33":{"start":{"line":190,"column":10},"end":{"line":190,"column":22}},"34":{"start":{"line":191,"column":8},"end":{"line":191,"column":5983}},"35":{"start":{"line":192,"column":10},"end":{"line":192,"column":22}},"36":{"start":{"line":193,"column":8},"end":{"line":193,"column":6050}},"37":{"start":{"line":194,"column":10},"end":{"line":194,"column":23}},"38":{"start":{"line":196,"column":10},"end":{"line":196,"column":26}},"39":{"start":{"line":197,"column":10},"end":{"line":197,"column":32}},"40":{"start":{"line":198,"column":10},"end":{"line":198,"column":26}},"41":{"start":{"line":199,"column":10},"end":{"line":199,"column":20}},"42":{"start":{"line":200,"column":10},"end":{"line":200,"column":37}},"43":{"start":{"line":203,"column":6},"end":{"line":203,"column":6305}},"44":{"start":{"line":206,"column":8},"end":{"line":206,"column":24}},"45":{"start":{"line":208,"column":4},"end":{"line":208,"column":6362}},"46":{"start":{"line":209,"column":6},"end":{"line":209,"column":21}},"47":{"start":{"line":210,"column":6},"end":{"line":210,"column":24}},"48":{"start":{"line":211,"column":6},"end":{"line":211,"column":19}},"49":{"start":{"line":212,"column":6},"end":{"line":212,"column":18}},"50":{"start":{"line":213,"column":6},"end":{"line":213,"column":13}},"51":{"start":{"line":214,"column":6},"end":{"line":214,"column":30}},"52":{"start":{"line":215,"column":6},"end":{"line":215,"column":6529}},"53":{"start":{"line":216,"column":8},"end":{"line":216,"column":26}},"54":{"start":{"line":217,"column":8},"end":{"line":217,"column":18}},"55":{"start":{"line":218,"column":8},"end":{"line":218,"column":6626}},"56":{"start":{"line":219,"column":10},"end":{"line":219,"column":22}},"57":{"start":{"line":220,"column":8},"end":{"line":220,"column":6689}},"58":{"start":{"line":221,"column":10},"end":{"line":221,"column":22}},"59":{"start":{"line":222,"column":8},"end":{"line":222,"column":6756}},"60":{"start":{"line":223,"column":10},"end":{"line":223,"column":25}},"61":{"start":{"line":225,"column":10},"end":{"line":225,"column":26}},"62":{"start":{"line":226,"column":10},"end":{"line":226,"column":32}},"63":{"start":{"line":227,"column":10},"end":{"line":227,"column":26}},"64":{"start":{"line":228,"column":10},"end":{"line":228,"column":20}},"65":{"start":{"line":229,"column":10},"end":{"line":229,"column":37}},"66":{"start":{"line":241,"column":4},"end":{"line":241,"column":7229}},"67":{"start":{"line":242,"column":6},"end":{"line":242,"column":54}},"68":{"start":{"line":244,"column":6},"end":{"line":244,"column":7339}},"69":{"start":{"line":245,"column":8},"end":{"line":245,"column":7366}},"70":{"start":{"line":246,"column":10},"end":{"line":246,"column":30}},"71":{"start":{"line":255,"column":4},"end":{"line":255,"column":23}}},"branchMap":{"1":{"line":130,"type":"if","locations":[{"start":{"line":130,"column":4},"end":{"line":130,"column":4}},{"start":{"line":130,"column":4},"end":{"line":130,"column":4}}]},"2":{"line":136,"type":"if","locations":[{"start":{"line":136,"column":10},"end":{"line":136,"column":10}},{"start":{"line":136,"column":10},"end":{"line":136,"column":10}}]},"3":{"line":140,"type":"if","locations":[{"start":{"line":140,"column":17},"end":{"line":140,"column":17}},{"start":{"line":140,"column":17},"end":{"line":140,"column":17}}]},"4":{"line":148,"type":"if","locations":[{"start":{"line":148,"column":8},"end":{"line":148,"column":8}},{"start":{"line":148,"column":8},"end":{"line":148,"column":8}}]},"5":{"line":189,"type":"if","locations":[{"start":{"line":189,"column":8},"end":{"line":189,"column":8}},{"start":{"line":189,"column":8},"end":{"line":189,"column":8}}]},"6":{"line":191,"type":"if","locations":[{"start":{"line":191,"column":8},"end":{"line":191,"column":8}},{"start":{"line":191,"column":8},"end":{"line":191,"column":8}}]},"7":{"line":193,"type":"if","locations":[{"start":{"line":193,"column":8},"end":{"line":193,"column":8}},{"start":{"line":193,"column":8},"end":{"line":193,"column":8}}]},"8":{"line":203,"type":"if","locations":[{"start":{"line":203,"column":6},"end":{"line":203,"column":6}},{"start":{"line":203,"column":6},"end":{"line":203,"column":6}}]},"9":{"line":218,"type":"if","locations":[{"start":{"line":218,"column":8},"end":{"line":218,"column":8}},{"start":{"line":218,"column":8},"end":{"line":218,"column":8}}]},"10":{"line":220,"type":"if","locations":[{"start":{"line":220,"column":8},"end":{"line":220,"column":8}},{"start":{"line":220,"column":8},"end":{"line":220,"column":8}}]},"11":{"line":222,"type":"if","locations":[{"start":{"line":222,"column":8},"end":{"line":222,"column":8}},{"start":{"line":222,"column":8},"end":{"line":222,"column":8}}]},"12":{"line":244,"type":"if","locations":[{"start":{"line":244,"column":6},"end":{"line":244,"column":6}},{"start":{"line":244,"column":6},"end":{"line":244,"column":6}}]}}},"contracts/Array8Lib.sol":{"l":{"36":1,"37":1,"39":1,"62":1,"63":1,"65":1,"91":1,"92":1,"94":1,"129":9,"130":1,"131":1,"132":1,"133":1,"134":4,"135":4,"136":1,"137":1,"138":1,"140":2,"142":1,"146":8,"147":21,"148":8,"149":8,"150":8,"160":1,"161":1,"168":31,"169":31,"175":1,"176":1,"177":1,"178":1,"179":1,"180":1,"181":1,"182":1,"183":5,"184":5,"185":5,"186":7,"187":7,"188":7,"189":3,"190":7,"191":5,"192":7,"193":1,"195":6,"196":6,"197":6,"198":6,"199":6,"202":5,"203":1,"205":4,"207":1,"208":9,"209":9,"210":9,"211":9,"212":9,"213":9,"214":9,"215":14,"216":14,"217":14,"218":11,"219":14,"220":3,"221":14,"222":3,"224":11,"225":11,"226":11,"227":11,"228":11,"237":1,"238":1,"240":1,"241":8,"243":8,"244":3,"245":8,"248":3,"249":3,"250":3,"254":1},"path":"/Users/hackdom/Projects/ethereum-libraries/ArrayUtilsLib/truffle/contracts/Array8Lib.sol","s":{"1":9,"2":1,"3":1,"4":1,"5":1,"6":4,"7":4,"8":1,"9":1,"10":1,"11":3,"12":2,"13":1,"14":8,"15":21,"16":8,"17":8,"18":8,"19":1,"20":1,"21":31,"22":31,"23":1,"24":1,"25":1,"26":1,"27":5,"28":5,"29":5,"30":7,"31":7,"32":7,"33":3,"34":7,"35":5,"36":7,"37":1,"38":6,"39":6,"40":6,"41":6,"42":6,"43":5,"44":4,"45":1,"46":9,"47":9,"48":9,"49":9,"50":9,"51":9,"52":9,"53":14,"54":14,"55":14,"56":11,"57":14,"58":3,"59":14,"60":3,"61":11,"62":11,"63":11,"64":11,"65":11,"66":1,"67":8,"68":8,"69":3,"70":8,"71":1},"b":{"1":[1,8],"2":[1,3],"3":[2,1],"4":[8,13],"5":[3,4],"6":[5,2],"7":[1,6],"8":[1,4],"9":[11,3],"10":[3,11],"11":[3,11],"12":[3,5]},"f":{"1":1,"2":1,"3":1,"4":9,"5":1,"6":31,"7":1,"8":1},"fnMap":{"1":{"name":"sumElements","line":35,"loc":{"start":{"line":35,"column":2},"end":{"line":35,"column":77}}},"2":{"name":"getMax","line":61,"loc":{"start":{"line":61,"column":2},"end":{"line":61,"column":75}}},"3":{"name":"getMin","line":90,"loc":{"start":{"line":90,"column":2},"end":{"line":90,"column":75}}},"4":{"name":"indexOf","line":125,"loc":{"start":{"line":125,"column":2},"end":{"line":128,"column":47}}},"5":{"name":"getParentI","line":159,"loc":{"start":{"line":159,"column":2},"end":{"line":159,"column":70}}},"6":{"name":"getLeftChildI","line":167,"loc":{"start":{"line":167,"column":2},"end":{"line":167,"column":74}}},"7":{"name":"heapSort","line":174,"loc":{"start":{"line":174,"column":2},"end":{"line":174,"column":48}}},"8":{"name":"uniq","line":236,"loc":{"start":{"line":236,"column":2},"end":{"line":236,"column":69}}}},"statementMap":{"1":{"start":{"line":129,"column":4},"end":{"line":129,"column":4247}},"2":{"start":{"line":130,"column":8},"end":{"line":130,"column":37}},"3":{"start":{"line":131,"column":8},"end":{"line":131,"column":22}},"4":{"start":{"line":132,"column":8},"end":{"line":132,"column":22}},"5":{"start":{"line":133,"column":8},"end":{"line":133,"column":4365}},"6":{"start":{"line":134,"column":10},"end":{"line":134,"column":27}},"7":{"start":{"line":135,"column":10},"end":{"line":135,"column":4429}},"8":{"start":{"line":136,"column":12},"end":{"line":136,"column":23}},"9":{"start":{"line":137,"column":12},"end":{"line":137,"column":22}},"10":{"start":{"line":138,"column":12},"end":{"line":138,"column":25}},"11":{"start":{"line":139,"column":17},"end":{"line":139,"column":4551}},"12":{"start":{"line":140,"column":12},"end":{"line":140,"column":24}},"13":{"start":{"line":142,"column":12},"end":{"line":142,"column":25}},"14":{"start":{"line":146,"column":6},"end":{"line":146,"column":4687}},"15":{"start":{"line":147,"column":8},"end":{"line":147,"column":4739}},"16":{"start":{"line":148,"column":10},"end":{"line":148,"column":21}},"17":{"start":{"line":149,"column":10},"end":{"line":149,"column":18}},"18":{"start":{"line":150,"column":10},"end":{"line":150,"column":24}},"19":{"start":{"line":160,"column":4},"end":{"line":160,"column":24}},"20":{"start":{"line":161,"column":4},"end":{"line":161,"column":11}},"21":{"start":{"line":168,"column":4},"end":{"line":168,"column":24}},"22":{"start":{"line":169,"column":4},"end":{"line":169,"column":14}},"23":{"start":{"line":175,"column":4},"end":{"line":175,"column":32}},"24":{"start":{"line":176,"column":4},"end":{"line":176,"column":34}},"25":{"start":{"line":177,"column":4},"end":{"line":177,"column":23}},"26":{"start":{"line":182,"column":4},"end":{"line":182,"column":5686}},"27":{"start":{"line":183,"column":6},"end":{"line":183,"column":17}},"28":{"start":{"line":184,"column":6},"end":{"line":184,"column":34}},"29":{"start":{"line":185,"column":6},"end":{"line":185,"column":5770}},"30":{"start":{"line":186,"column":8},"end":{"line":186,"column":26}},"31":{"start":{"line":187,"column":8},"end":{"line":187,"column":18}},"32":{"start":{"line":188,"column":8},"end":{"line":188,"column":5867}},"33":{"start":{"line":189,"column":10},"end":{"line":189,"column":22}},"34":{"start":{"line":190,"column":8},"end":{"line":190,"column":5930}},"35":{"start":{"line":191,"column":10},"end":{"line":191,"column":22}},"36":{"start":{"line":192,"column":8},"end":{"line":192,"column":5997}},"37":{"start":{"line":193,"column":10},"end":{"line":193,"column":23}},"38":{"start":{"line":195,"column":10},"end":{"line":195,"column":26}},"39":{"start":{"line":196,"column":10},"end":{"line":196,"column":32}},"40":{"start":{"line":197,"column":10},"end":{"line":197,"column":26}},"41":{"start":{"line":198,"column":10},"end":{"line":198,"column":20}},"42":{"start":{"line":199,"column":10},"end":{"line":199,"column":37}},"43":{"start":{"line":202,"column":6},"end":{"line":202,"column":6252}},"44":{"start":{"line":205,"column":8},"end":{"line":205,"column":24}},"45":{"start":{"line":207,"column":4},"end":{"line":207,"column":6309}},"46":{"start":{"line":208,"column":6},"end":{"line":208,"column":21}},"47":{"start":{"line":209,"column":6},"end":{"line":209,"column":24}},"48":{"start":{"line":210,"column":6},"end":{"line":210,"column":19}},"49":{"start":{"line":211,"column":6},"end":{"line":211,"column":18}},"50":{"start":{"line":212,"column":6},"end":{"line":212,"column":13}},"51":{"start":{"line":213,"column":6},"end":{"line":213,"column":30}},"52":{"start":{"line":214,"column":6},"end":{"line":214,"column":6476}},"53":{"start":{"line":215,"column":8},"end":{"line":215,"column":26}},"54":{"start":{"line":216,"column":8},"end":{"line":216,"column":18}},"55":{"start":{"line":217,"column":8},"end":{"line":217,"column":6573}},"56":{"start":{"line":218,"column":10},"end":{"line":218,"column":22}},"57":{"start":{"line":219,"column":8},"end":{"line":219,"column":6636}},"58":{"start":{"line":220,"column":10},"end":{"line":220,"column":22}},"59":{"start":{"line":221,"column":8},"end":{"line":221,"column":6703}},"60":{"start":{"line":222,"column":10},"end":{"line":222,"column":25}},"61":{"start":{"line":224,"column":10},"end":{"line":224,"column":26}},"62":{"start":{"line":225,"column":10},"end":{"line":225,"column":32}},"63":{"start":{"line":226,"column":10},"end":{"line":226,"column":26}},"64":{"start":{"line":227,"column":10},"end":{"line":227,"column":20}},"65":{"start":{"line":228,"column":10},"end":{"line":228,"column":37}},"66":{"start":{"line":240,"column":4},"end":{"line":240,"column":7175}},"67":{"start":{"line":241,"column":6},"end":{"line":241,"column":54}},"68":{"start":{"line":243,"column":6},"end":{"line":243,"column":7285}},"69":{"start":{"line":244,"column":8},"end":{"line":244,"column":7312}},"70":{"start":{"line":245,"column":10},"end":{"line":245,"column":30}},"71":{"start":{"line":254,"column":4},"end":{"line":254,"column":23}}},"branchMap":{"1":{"line":129,"type":"if","locations":[{"start":{"line":129,"column":4},"end":{"line":129,"column":4}},{"start":{"line":129,"column":4},"end":{"line":129,"column":4}}]},"2":{"line":135,"type":"if","locations":[{"start":{"line":135,"column":10},"end":{"line":135,"column":10}},{"start":{"line":135,"column":10},"end":{"line":135,"column":10}}]},"3":{"line":139,"type":"if","locations":[{"start":{"line":139,"column":17},"end":{"line":139,"column":17}},{"start":{"line":139,"column":17},"end":{"line":139,"column":17}}]},"4":{"line":147,"type":"if","locations":[{"start":{"line":147,"column":8},"end":{"line":147,"column":8}},{"start":{"line":147,"column":8},"end":{"line":147,"column":8}}]},"5":{"line":188,"type":"if","locations":[{"start":{"line":188,"column":8},"end":{"line":188,"column":8}},{"start":{"line":188,"column":8},"end":{"line":188,"column":8}}]},"6":{"line":190,"type":"if","locations":[{"start":{"line":190,"column":8},"end":{"line":190,"column":8}},{"start":{"line":190,"column":8},"end":{"line":190,"column":8}}]},"7":{"line":192,"type":"if","locations":[{"start":{"line":192,"column":8},"end":{"line":192,"column":8}},{"start":{"line":192,"column":8},"end":{"line":192,"column":8}}]},"8":{"line":202,"type":"if","locations":[{"start":{"line":202,"column":6},"end":{"line":202,"column":6}},{"start":{"line":202,"column":6},"end":{"line":202,"column":6}}]},"9":{"line":217,"type":"if","locations":[{"start":{"line":217,"column":8},"end":{"line":217,"column":8}},{"start":{"line":217,"column":8},"end":{"line":217,"column":8}}]},"10":{"line":219,"type":"if","locations":[{"start":{"line":219,"column":8},"end":{"line":219,"column":8}},{"start":{"line":219,"column":8},"end":{"line":219,"column":8}}]},"11":{"line":221,"type":"if","locations":[{"start":{"line":221,"column":8},"end":{"line":221,"column":8}},{"start":{"line":221,"column":8},"end":{"line":221,"column":8}}]},"12":{"line":243,"type":"if","locations":[{"start":{"line":243,"column":6},"end":{"line":243,"column":6}},{"start":{"line":243,"column":6},"end":{"line":243,"column":6}}]}}},"contracts/ArrayUtilsTestContract.sol":{"l":{"28":1,"29":1,"30":1,"31":1,"32":1,"33":1,"37":1,"38":1,"39":1,"40":1,"41":1,"42":1,"46":1,"47":1,"48":1,"49":1,"50":1,"51":1,"55":1,"56":1,"57":1,"58":1,"59":1,"61":1,"65":1,"66":1,"67":1,"68":1,"69":1,"71":1,"75":1,"76":1,"77":1,"78":1,"79":1,"81":1,"85":1,"86":1,"87":1,"88":1,"89":1,"91":1,"95":1,"96":1,"97":1,"98":1,"99":1,"101":1,"105":1,"106":1,"107":1,"108":1,"109":1,"112":1,"116":1,"117":1,"118":1,"119":1,"120":1,"123":1,"127":1,"128":1,"129":1,"130":1,"131":1,"134":1,"138":1,"139":1,"140":1,"141":1,"142":1,"145":1,"149":1,"150":1,"151":1,"152":1,"153":1,"156":1,"160":1,"161":1,"162":1,"163":1,"164":1,"165":1,"169":1,"170":1,"171":1,"172":1,"173":1,"174":1,"178":1,"179":1,"180":1,"181":1,"182":1,"183":1,"187":1,"188":1,"189":1,"190":1,"191":1,"192":1,"196":1,"197":1,"198":1,"199":1,"200":1,"201":1},"path":"/Users/hackdom/Projects/ethereum-libraries/ArrayUtilsLib/truffle/contracts/ArrayUtilsTestContract.sol","s":{"1":1,"2":1,"3":1,"4":1,"5":1,"6":1,"7":1,"8":1,"9":1,"10":1,"11":1,"12":1,"13":1,"14":1,"15":1,"16":1,"17":1,"18":1},"b":{},"f":{"1":1,"2":1,"3":1,"4":1,"5":1,"6":1,"7":1,"8":1,"9":1,"10":1,"11":1,"12":1,"13":1,"14":1,"15":1,"16":1,"17":1,"18":1},"fnMap":{"1":{"name":"getSumElements256","line":27,"loc":{"start":{"line":27,"column":2},"end":{"line":27,"column":47}}},"2":{"name":"getGetMaxMiddle256","line":36,"loc":{"start":{"line":36,"column":2},"end":{"line":36,"column":48}}},"3":{"name":"getGetMinMiddle256","line":45,"loc":{"start":{"line":45,"column":2},"end":{"line":45,"column":48}}},"4":{"name":"getSumElements128","line":54,"loc":{"start":{"line":54,"column":2},"end":{"line":54,"column":52}}},"5":{"name":"getSumElements64","line":64,"loc":{"start":{"line":64,"column":2},"end":{"line":64,"column":51}}},"6":{"name":"getSumElements32","line":74,"loc":{"start":{"line":74,"column":2},"end":{"line":74,"column":51}}},"7":{"name":"getSumElements16","line":84,"loc":{"start":{"line":84,"column":2},"end":{"line":84,"column":51}}},"8":{"name":"getSumElements8","line":94,"loc":{"start":{"line":94,"column":2},"end":{"line":94,"column":50}}},"9":{"name":"getGetMaxMiddle128","line":104,"loc":{"start":{"line":104,"column":2},"end":{"line":104,"column":48}}},"10":{"name":"getGetMaxMiddle64","line":115,"loc":{"start":{"line":115,"column":2},"end":{"line":115,"column":46}}},"11":{"name":"getGetMaxMiddle32","line":126,"loc":{"start":{"line":126,"column":2},"end":{"line":126,"column":46}}},"12":{"name":"getGetMaxMiddle16","line":137,"loc":{"start":{"line":137,"column":2},"end":{"line":137,"column":46}}},"13":{"name":"getGetMaxMiddle8","line":148,"loc":{"start":{"line":148,"column":2},"end":{"line":148,"column":44}}},"14":{"name":"getGetMinMiddle128","line":159,"loc":{"start":{"line":159,"column":2},"end":{"line":159,"column":48}}},"15":{"name":"getGetMinMiddle64","line":168,"loc":{"start":{"line":168,"column":2},"end":{"line":168,"column":46}}},"16":{"name":"getGetMinMiddle32","line":177,"loc":{"start":{"line":177,"column":2},"end":{"line":177,"column":46}}},"17":{"name":"getGetMinMiddle16","line":186,"loc":{"start":{"line":186,"column":2},"end":{"line":186,"column":46}}},"18":{"name":"getGetMinMiddle8","line":195,"loc":{"start":{"line":195,"column":2},"end":{"line":195,"column":44}}}},"statementMap":{"1":{"start":{"line":33,"column":4},"end":{"line":33,"column":33}},"2":{"start":{"line":42,"column":4},"end":{"line":42,"column":28}},"3":{"start":{"line":51,"column":4},"end":{"line":51,"column":28}},"4":{"start":{"line":61,"column":4},"end":{"line":61,"column":33}},"5":{"start":{"line":71,"column":4},"end":{"line":71,"column":32}},"6":{"start":{"line":81,"column":4},"end":{"line":81,"column":32}},"7":{"start":{"line":91,"column":4},"end":{"line":91,"column":32}},"8":{"start":{"line":101,"column":4},"end":{"line":101,"column":31}},"9":{"start":{"line":112,"column":4},"end":{"line":112,"column":28}},"10":{"start":{"line":123,"column":4},"end":{"line":123,"column":27}},"11":{"start":{"line":134,"column":4},"end":{"line":134,"column":27}},"12":{"start":{"line":145,"column":4},"end":{"line":145,"column":27}},"13":{"start":{"line":156,"column":4},"end":{"line":156,"column":26}},"14":{"start":{"line":165,"column":4},"end":{"line":165,"column":28}},"15":{"start":{"line":174,"column":4},"end":{"line":174,"column":27}},"16":{"start":{"line":183,"column":4},"end":{"line":183,"column":27}},"17":{"start":{"line":192,"column":4},"end":{"line":192,"column":27}},"18":{"start":{"line":201,"column":4},"end":{"line":201,"column":26}}},"branchMap":{}},"contracts/ArrayUtilsTestContractThree.sol":{"l":{"28":1,"29":1,"30":1,"31":1,"32":1,"33":1,"34":1,"35":1,"36":1,"37":1,"38":1,"39":1,"40":1,"41":10,"46":1,"47":1,"48":1,"49":1,"50":1,"51":1,"52":1,"53":1,"54":1,"55":1,"56":1,"57":1,"58":1,"59":10,"64":1,"65":1,"66":1,"67":1,"68":1,"69":1,"70":1,"71":1,"72":1,"73":1,"74":1,"75":1,"76":1,"77":10,"82":1,"83":1,"84":1,"85":1,"86":1,"87":1,"88":1,"89":1,"90":1,"91":1,"92":1,"93":1,"94":1,"95":10,"100":1,"101":1,"102":1,"103":1,"104":1,"105":1,"106":1,"107":1,"108":1,"109":1,"110":1,"111":1,"112":1,"113":10,"118":1,"119":1,"120":1,"121":1,"122":1,"123":1,"124":1,"125":1,"126":1,"127":1,"128":1,"129":1,"130":1,"131":10,"136":1,"138":1,"140":1,"141":1,"142":1,"143":1,"144":1,"145":1,"146":1,"147":1,"149":1,"151":1,"152":5,"157":1,"159":1,"161":1,"162":1,"163":1,"164":1,"165":1,"166":1,"167":1,"168":1,"169":1,"170":1,"172":1,"174":1,"175":7,"180":1,"182":1,"184":1,"185":1,"186":1,"187":1,"188":1,"189":1,"190":1,"191":1,"192":1,"193":1,"195":1,"197":1,"198":7,"203":1,"205":1,"207":1,"208":1,"209":1,"210":1,"211":1,"212":1,"213":1,"214":1,"215":1,"216":1,"218":1,"220":1,"221":7,"226":1,"228":1,"230":1,"231":1,"232":1,"233":1,"234":1,"235":1,"236":1,"237":1,"238":1,"239":1,"241":1,"243":1,"244":7,"249":1,"251":1,"253":1,"254":1,"255":1,"256":1,"257":1,"258":1,"259":1,"260":1,"261":1,"262":1,"264":1,"266":1,"267":7},"path":"/Users/hackdom/Projects/ethereum-libraries/ArrayUtilsLib/truffle/contracts/ArrayUtilsTestContractThree.sol","s":{"1":1,"2":10,"3":1,"4":10,"5":1,"6":10,"7":1,"8":10,"9":1,"10":10,"11":1,"12":10,"13":1,"14":1,"15":5,"16":1,"17":1,"18":7,"19":1,"20":1,"21":7,"22":1,"23":1,"24":7,"25":1,"26":1,"27":7,"28":1,"29":1,"30":7},"b":{},"f":{"1":1,"2":1,"3":1,"4":1,"5":1,"6":1,"7":1,"8":1,"9":1,"10":1,"11":1,"12":1},"fnMap":{"1":{"name":"getHeapSort256","line":27,"loc":{"start":{"line":27,"column":2},"end":{"line":27,"column":57}}},"2":{"name":"getHeapSort128","line":45,"loc":{"start":{"line":45,"column":2},"end":{"line":45,"column":57}}},"3":{"name":"getHeapSort64","line":63,"loc":{"start":{"line":63,"column":2},"end":{"line":63,"column":55}}},"4":{"name":"getHeapSort32","line":81,"loc":{"start":{"line":81,"column":2},"end":{"line":81,"column":55}}},"5":{"name":"getHeapSort16","line":99,"loc":{"start":{"line":99,"column":2},"end":{"line":99,"column":55}}},"6":{"name":"getHeapSort8","line":117,"loc":{"start":{"line":117,"column":2},"end":{"line":117,"column":53}}},"7":{"name":"getUniq8","line":135,"loc":{"start":{"line":135,"column":2},"end":{"line":135,"column":49}}},"8":{"name":"getUniq16","line":156,"loc":{"start":{"line":156,"column":2},"end":{"line":156,"column":51}}},"9":{"name":"getUniq32","line":179,"loc":{"start":{"line":179,"column":2},"end":{"line":179,"column":51}}},"10":{"name":"getUniq64","line":202,"loc":{"start":{"line":202,"column":2},"end":{"line":202,"column":51}}},"11":{"name":"getUniq128","line":225,"loc":{"start":{"line":225,"column":2},"end":{"line":225,"column":53}}},"12":{"name":"getUniq256","line":248,"loc":{"start":{"line":248,"column":2},"end":{"line":248,"column":53}}}},"statementMap":{"1":{"start":{"line":40,"column":4},"end":{"line":40,"column":941}},"2":{"start":{"line":41,"column":6},"end":{"line":41,"column":23}},"3":{"start":{"line":58,"column":4},"end":{"line":58,"column":1359}},"4":{"start":{"line":59,"column":6},"end":{"line":59,"column":23}},"5":{"start":{"line":76,"column":4},"end":{"line":76,"column":1763}},"6":{"start":{"line":77,"column":6},"end":{"line":77,"column":22}},"7":{"start":{"line":94,"column":4},"end":{"line":94,"column":2165}},"8":{"start":{"line":95,"column":6},"end":{"line":95,"column":22}},"9":{"start":{"line":112,"column":4},"end":{"line":112,"column":2567}},"10":{"start":{"line":113,"column":6},"end":{"line":113,"column":22}},"11":{"start":{"line":130,"column":4},"end":{"line":130,"column":2953}},"12":{"start":{"line":131,"column":6},"end":{"line":131,"column":21}},"13":{"start":{"line":149,"column":4},"end":{"line":149,"column":33}},"14":{"start":{"line":151,"column":4},"end":{"line":151,"column":3330}},"15":{"start":{"line":152,"column":6},"end":{"line":152,"column":21}},"16":{"start":{"line":172,"column":4},"end":{"line":172,"column":34}},"17":{"start":{"line":174,"column":4},"end":{"line":174,"column":3771}},"18":{"start":{"line":175,"column":6},"end":{"line":175,"column":22}},"19":{"start":{"line":195,"column":4},"end":{"line":195,"column":34}},"20":{"start":{"line":197,"column":4},"end":{"line":197,"column":4214}},"21":{"start":{"line":198,"column":6},"end":{"line":198,"column":22}},"22":{"start":{"line":218,"column":4},"end":{"line":218,"column":34}},"23":{"start":{"line":220,"column":4},"end":{"line":220,"column":4657}},"24":{"start":{"line":221,"column":6},"end":{"line":221,"column":22}},"25":{"start":{"line":241,"column":4},"end":{"line":241,"column":35}},"26":{"start":{"line":243,"column":4},"end":{"line":243,"column":5114}},"27":{"start":{"line":244,"column":6},"end":{"line":244,"column":23}},"28":{"start":{"line":264,"column":4},"end":{"line":264,"column":35}},"29":{"start":{"line":266,"column":4},"end":{"line":266,"column":5573}},"30":{"start":{"line":267,"column":6},"end":{"line":267,"column":23}}},"branchMap":{}},"contracts/ArrayUtilsTestContractTwo.sol":{"l":{"28":3,"29":3,"30":3,"31":3,"32":3,"33":3,"34":3,"35":3,"36":3,"40":4,"41":4,"42":4,"43":4,"44":4,"45":4,"46":4,"47":4,"48":4,"49":4,"50":4,"51":4,"52":4,"56":1,"57":1,"58":1,"59":1,"60":1,"61":1,"62":1,"63":1,"64":1,"65":1,"66":1,"67":1,"68":1,"72":1,"73":1,"74":1,"75":1,"76":1,"77":1,"78":1,"79":1,"80":1,"81":1,"82":1,"83":1,"84":1,"88":1,"89":1,"90":1,"91":1,"92":1,"93":1,"94":1,"95":1,"96":1,"97":1,"98":1,"99":1,"100":1,"104":1,"105":1,"106":1,"107":1,"108":1,"109":1,"110":1,"111":1,"112":1,"113":1,"114":1,"115":1,"116":1,"120":3,"121":3,"122":3,"123":3,"124":3,"125":3,"126":3,"127":3,"131":1,"132":1,"133":1,"134":1,"135":1,"136":1,"137":1,"138":1,"143":0,"144":0,"145":0,"146":0,"147":0,"148":0,"149":0,"150":0,"154":2,"155":2,"156":2,"157":2,"158":2,"159":2,"160":2,"161":2,"165":0,"166":0,"167":0,"168":0,"169":0,"170":0,"171":0,"172":0,"176":1,"177":1,"178":1,"179":1,"180":1,"181":1,"182":1,"183":1},"path":"/Users/hackdom/Projects/ethereum-libraries/ArrayUtilsLib/truffle/contracts/ArrayUtilsTestContractTwo.sol","s":{"1":3,"2":4,"3":1,"4":1,"5":1,"6":1,"7":3,"8":1,"9":0,"10":2,"11":0,"12":1},"b":{},"f":{"1":3,"2":4,"3":1,"4":1,"5":1,"6":1,"7":3,"8":1,"9":0,"10":2,"11":0,"12":1},"fnMap":{"1":{"name":"getSortedIndexOf256","line":27,"loc":{"start":{"line":27,"column":2},"end":{"line":27,"column":67}}},"2":{"name":"getSortedIndexOf128","line":39,"loc":{"start":{"line":39,"column":2},"end":{"line":39,"column":68}}},"3":{"name":"getSortedIndexOf64","line":55,"loc":{"start":{"line":55,"column":2},"end":{"line":55,"column":66}}},"4":{"name":"getSortedIndexOf32","line":71,"loc":{"start":{"line":71,"column":2},"end":{"line":71,"column":66}}},"5":{"name":"getSortedIndexOf16","line":87,"loc":{"start":{"line":87,"column":2},"end":{"line":87,"column":66}}},"6":{"name":"getSortedIndexOf8","line":103,"loc":{"start":{"line":103,"column":2},"end":{"line":103,"column":64}}},"7":{"name":"getUnsortedIndexOf256","line":119,"loc":{"start":{"line":119,"column":2},"end":{"line":119,"column":70}}},"8":{"name":"getUnsortedIndexOf64","line":130,"loc":{"start":{"line":130,"column":2},"end":{"line":130,"column":68}}},"9":{"name":"getUnsortedIndexOf128","line":142,"loc":{"start":{"line":142,"column":2},"end":{"line":142,"column":70}}},"10":{"name":"getNoIndexOf256","line":153,"loc":{"start":{"line":153,"column":2},"end":{"line":153,"column":79}}},"11":{"name":"getNoIndexOf128","line":164,"loc":{"start":{"line":164,"column":2},"end":{"line":164,"column":79}}},"12":{"name":"getNoIndexOf64","line":175,"loc":{"start":{"line":175,"column":2},"end":{"line":175,"column":77}}}},"statementMap":{"1":{"start":{"line":36,"column":4},"end":{"line":36,"column":39}},"2":{"start":{"line":52,"column":4},"end":{"line":52,"column":39}},"3":{"start":{"line":68,"column":4},"end":{"line":68,"column":38}},"4":{"start":{"line":84,"column":4},"end":{"line":84,"column":38}},"5":{"start":{"line":100,"column":4},"end":{"line":100,"column":38}},"6":{"start":{"line":116,"column":4},"end":{"line":116,"column":37}},"7":{"start":{"line":127,"column":4},"end":{"line":127,"column":40}},"8":{"start":{"line":138,"column":4},"end":{"line":138,"column":39}},"9":{"start":{"line":150,"column":4},"end":{"line":150,"column":40}},"10":{"start":{"line":161,"column":4},"end":{"line":161,"column":43}},"11":{"start":{"line":172,"column":4},"end":{"line":172,"column":43}},"12":{"start":{"line":183,"column":4},"end":{"line":183,"column":42}}},"branchMap":{}}}