TN:
SF:/Users/hackdom/Projects/ethereum-libraries/ArrayUtilsLib/truffle/contracts/Array128Lib.sol
FN:35,sumElements
FN:61,getMax
FN:90,getMin
FN:125,indexOf
FN:193,getParentI
FN:201,getLeftChildI
FN:208,heapSort
FN:270,uniq
FNF:8
FNH:8
FNDA:1,sumElements
FNDA:1,getMax
FNDA:1,getMin
FNDA:14,indexOf
FNDA:1,getParentI
FNDA:31,getLeftChildI
FNDA:1,heapSort
FNDA:1,uniq
DA:36,1
DA:37,1
DA:39,1
DA:62,1
DA:63,1
DA:65,1
DA:91,1
DA:92,1
DA:94,1
DA:129,14
DA:130,14
DA:194,1
DA:195,1
DA:202,31
DA:203,31
DA:209,1
DA:210,1
DA:211,1
DA:212,1
DA:213,1
DA:214,1
DA:215,1
DA:216,1
DA:217,5
DA:218,5
DA:219,5
DA:220,7
DA:221,7
DA:222,7
DA:223,3
DA:224,7
DA:225,5
DA:226,7
DA:227,1
DA:229,6
DA:230,6
DA:231,6
DA:232,6
DA:233,6
DA:236,5
DA:237,1
DA:239,4
DA:241,1
DA:242,9
DA:243,9
DA:244,9
DA:245,9
DA:246,9
DA:247,9
DA:248,9
DA:249,14
DA:250,14
DA:251,14
DA:252,11
DA:253,14
DA:254,3
DA:255,14
DA:256,3
DA:258,11
DA:259,11
DA:260,11
DA:261,11
DA:262,11
DA:271,1
DA:272,1
DA:274,1
DA:275,10
DA:277,10
DA:278,3
DA:279,12
DA:282,3
DA:283,3
DA:284,3
DA:288,1
LF:74
LH:74
BRDA:222,1,0,3
BRDA:222,1,1,4
BRDA:224,2,0,5
BRDA:224,2,1,2
BRDA:226,3,0,1
BRDA:226,3,1,6
BRDA:236,4,0,1
BRDA:236,4,1,4
BRDA:251,5,0,11
BRDA:251,5,1,3
BRDA:253,6,0,3
BRDA:253,6,1,11
BRDA:255,7,0,3
BRDA:255,7,1,11
BRDA:277,8,0,3
BRDA:277,8,1,7
BRF:16
BRH:16
end_of_record
TN:
SF:/Users/hackdom/Projects/ethereum-libraries/ArrayUtilsLib/truffle/contracts/Array16Lib.sol
FN:35,sumElements
FN:61,getMax
FN:90,getMin
FN:126,indexOf
FN:160,getParentI
FN:168,getLeftChildI
FN:175,heapSort
FN:237,uniq
FNF:8
FNH:8
FNDA:1,sumElements
FNDA:1,getMax
FNDA:1,getMin
FNDA:11,indexOf
FNDA:1,getParentI
FNDA:31,getLeftChildI
FNDA:1,heapSort
FNDA:1,uniq
DA:36,1
DA:37,1
DA:39,1
DA:62,1
DA:63,1
DA:65,1
DA:91,1
DA:92,1
DA:94,1
DA:130,11
DA:131,1
DA:132,1
DA:133,1
DA:134,1
DA:135,4
DA:136,4
DA:137,1
DA:138,1
DA:139,1
DA:141,2
DA:143,1
DA:147,10
DA:148,34
DA:149,10
DA:150,10
DA:151,10
DA:161,1
DA:162,1
DA:169,31
DA:170,31
DA:176,1
DA:177,1
DA:178,1
DA:179,1
DA:180,1
DA:181,1
DA:182,1
DA:183,1
DA:184,5
DA:185,5
DA:186,5
DA:187,7
DA:188,7
DA:189,7
DA:190,3
DA:191,7
DA:192,5
DA:193,7
DA:194,1
DA:196,6
DA:197,6
DA:198,6
DA:199,6
DA:200,6
DA:203,5
DA:204,1
DA:206,4
DA:208,1
DA:209,9
DA:210,9
DA:211,9
DA:212,9
DA:213,9
DA:214,9
DA:215,9
DA:216,14
DA:217,14
DA:218,14
DA:219,11
DA:220,14
DA:221,3
DA:222,14
DA:223,3
DA:225,11
DA:226,11
DA:227,11
DA:228,11
DA:229,11
DA:238,1
DA:239,1
DA:241,1
DA:242,10
DA:244,10
DA:245,3
DA:246,12
DA:249,3
DA:250,3
DA:251,3
DA:255,1
LF:89
LH:89
BRDA:130,1,0,1
BRDA:130,1,1,10
BRDA:136,2,0,1
BRDA:136,2,1,3
BRDA:140,3,0,2
BRDA:140,3,1,1
BRDA:148,4,0,10
BRDA:148,4,1,24
BRDA:189,5,0,3
BRDA:189,5,1,4
BRDA:191,6,0,5
BRDA:191,6,1,2
BRDA:193,7,0,1
BRDA:193,7,1,6
BRDA:203,8,0,1
BRDA:203,8,1,4
BRDA:218,9,0,11
BRDA:218,9,1,3
BRDA:220,10,0,3
BRDA:220,10,1,11
BRDA:222,11,0,3
BRDA:222,11,1,11
BRDA:244,12,0,3
BRDA:244,12,1,7
BRF:24
BRH:24
end_of_record
TN:
SF:/Users/hackdom/Projects/ethereum-libraries/ArrayUtilsLib/truffle/contracts/Array256Lib.sol
FN:35,sumElements
FN:48,getMax
FN:65,getMin
FN:85,indexOf
FN:132,getParentI
FN:140,getLeftChildI
FN:147,heapSort
FN:209,uniq
FNF:8
FNH:8
FNDA:1,sumElements
FNDA:1,getMax
FNDA:1,getMin
FNDA:18,indexOf
FNDA:1,getParentI
FNDA:31,getLeftChildI
FNDA:1,heapSort
FNDA:1,uniq
DA:36,1
DA:49,1
DA:66,1
DA:89,18
DA:133,1
DA:134,1
DA:141,31
DA:142,31
DA:148,1
DA:149,1
DA:150,1
DA:151,1
DA:152,1
DA:153,1
DA:154,1
DA:155,1
DA:156,5
DA:157,5
DA:158,5
DA:159,7
DA:160,7
DA:161,7
DA:162,3
DA:163,7
DA:164,5
DA:165,7
DA:166,1
DA:168,6
DA:169,6
DA:170,6
DA:171,6
DA:172,6
DA:175,5
DA:176,1
DA:178,4
DA:180,1
DA:181,9
DA:182,9
DA:183,9
DA:184,9
DA:185,9
DA:186,9
DA:187,9
DA:188,14
DA:189,14
DA:190,14
DA:191,11
DA:192,14
DA:193,3
DA:194,14
DA:195,3
DA:197,11
DA:198,11
DA:199,11
DA:200,11
DA:201,11
DA:210,1
DA:211,1
DA:213,1
DA:214,10
DA:216,10
DA:217,3
DA:218,12
DA:221,3
DA:222,3
DA:223,3
DA:227,1
LF:67
LH:67
BRDA:161,1,0,3
BRDA:161,1,1,4
BRDA:163,2,0,5
BRDA:163,2,1,2
BRDA:165,3,0,1
BRDA:165,3,1,6
BRDA:175,4,0,1
BRDA:175,4,1,4
BRDA:190,5,0,11
BRDA:190,5,1,3
BRDA:192,6,0,3
BRDA:192,6,1,11
BRDA:194,7,0,3
BRDA:194,7,1,11
BRDA:216,8,0,3
BRDA:216,8,1,7
BRF:16
BRH:16
end_of_record
TN:
SF:/Users/hackdom/Projects/ethereum-libraries/ArrayUtilsLib/truffle/contracts/Array32Lib.sol
FN:35,sumElements
FN:61,getMax
FN:90,getMin
FN:126,indexOf
FN:160,getParentI
FN:168,getLeftChildI
FN:175,heapSort
FN:237,uniq
FNF:8
FNH:8
FNDA:1,sumElements
FNDA:1,getMax
FNDA:1,getMin
FNDA:11,indexOf
FNDA:1,getParentI
FNDA:31,getLeftChildI
FNDA:1,heapSort
FNDA:1,uniq
DA:36,1
DA:37,1
DA:39,1
DA:62,1
DA:63,1
DA:65,1
DA:91,1
DA:92,1
DA:94,1
DA:130,11
DA:131,1
DA:132,1
DA:133,1
DA:134,1
DA:135,4
DA:136,4
DA:137,1
DA:138,1
DA:139,1
DA:141,2
DA:143,1
DA:147,10
DA:148,34
DA:149,10
DA:150,10
DA:151,10
DA:161,1
DA:162,1
DA:169,31
DA:170,31
DA:176,1
DA:177,1
DA:178,1
DA:179,1
DA:180,1
DA:181,1
DA:182,1
DA:183,1
DA:184,5
DA:185,5
DA:186,5
DA:187,7
DA:188,7
DA:189,7
DA:190,3
DA:191,7
DA:192,5
DA:193,7
DA:194,1
DA:196,6
DA:197,6
DA:198,6
DA:199,6
DA:200,6
DA:203,5
DA:204,1
DA:206,4
DA:208,1
DA:209,9
DA:210,9
DA:211,9
DA:212,9
DA:213,9
DA:214,9
DA:215,9
DA:216,14
DA:217,14
DA:218,14
DA:219,11
DA:220,14
DA:221,3
DA:222,14
DA:223,3
DA:225,11
DA:226,11
DA:227,11
DA:228,11
DA:229,11
DA:238,1
DA:239,1
DA:241,1
DA:242,10
DA:244,10
DA:245,3
DA:246,12
DA:249,3
DA:250,3
DA:251,3
DA:255,1
LF:89
LH:89
BRDA:130,1,0,1
BRDA:130,1,1,10
BRDA:136,2,0,1
BRDA:136,2,1,3
BRDA:140,3,0,2
BRDA:140,3,1,1
BRDA:148,4,0,10
BRDA:148,4,1,24
BRDA:189,5,0,3
BRDA:189,5,1,4
BRDA:191,6,0,5
BRDA:191,6,1,2
BRDA:193,7,0,1
BRDA:193,7,1,6
BRDA:203,8,0,1
BRDA:203,8,1,4
BRDA:218,9,0,11
BRDA:218,9,1,3
BRDA:220,10,0,3
BRDA:220,10,1,11
BRDA:222,11,0,3
BRDA:222,11,1,11
BRDA:244,12,0,3
BRDA:244,12,1,7
BRF:24
BRH:24
end_of_record
TN:
SF:/Users/hackdom/Projects/ethereum-libraries/ArrayUtilsLib/truffle/contracts/Array64Lib.sol
FN:35,sumElements
FN:61,getMax
FN:90,getMin
FN:126,indexOf
FN:160,getParentI
FN:168,getLeftChildI
FN:175,heapSort
FN:237,uniq
FNF:8
FNH:8
FNDA:1,sumElements
FNDA:1,getMax
FNDA:1,getMin
FNDA:13,indexOf
FNDA:1,getParentI
FNDA:31,getLeftChildI
FNDA:1,heapSort
FNDA:1,uniq
DA:36,1
DA:37,1
DA:39,1
DA:62,1
DA:63,1
DA:65,1
DA:91,1
DA:92,1
DA:94,1
DA:130,13
DA:131,1
DA:132,1
DA:133,1
DA:134,1
DA:135,4
DA:136,4
DA:137,1
DA:138,1
DA:139,1
DA:141,2
DA:143,1
DA:147,12
DA:148,46
DA:149,11
DA:150,11
DA:151,11
DA:161,1
DA:162,1
DA:169,31
DA:170,31
DA:176,1
DA:177,1
DA:178,1
DA:179,1
DA:180,1
DA:181,1
DA:182,1
DA:183,1
DA:184,5
DA:185,5
DA:186,5
DA:187,7
DA:188,7
DA:189,7
DA:190,3
DA:191,7
DA:192,5
DA:193,7
DA:194,1
DA:196,6
DA:197,6
DA:198,6
DA:199,6
DA:200,6
DA:203,5
DA:204,1
DA:206,4
DA:208,1
DA:209,9
DA:210,9
DA:211,9
DA:212,9
DA:213,9
DA:214,9
DA:215,9
DA:216,14
DA:217,14
DA:218,14
DA:219,11
DA:220,14
DA:221,3
DA:222,14
DA:223,3
DA:225,11
DA:226,11
DA:227,11
DA:228,11
DA:229,11
DA:238,1
DA:239,1
DA:241,1
DA:242,10
DA:244,10
DA:245,3
DA:246,12
DA:249,3
DA:250,3
DA:251,3
DA:255,1
LF:89
LH:89
BRDA:130,1,0,1
BRDA:130,1,1,12
BRDA:136,2,0,1
BRDA:136,2,1,3
BRDA:140,3,0,2
BRDA:140,3,1,1
BRDA:148,4,0,11
BRDA:148,4,1,35
BRDA:189,5,0,3
BRDA:189,5,1,4
BRDA:191,6,0,5
BRDA:191,6,1,2
BRDA:193,7,0,1
BRDA:193,7,1,6
BRDA:203,8,0,1
BRDA:203,8,1,4
BRDA:218,9,0,11
BRDA:218,9,1,3
BRDA:220,10,0,3
BRDA:220,10,1,11
BRDA:222,11,0,3
BRDA:222,11,1,11
BRDA:244,12,0,3
BRDA:244,12,1,7
BRF:24
BRH:24
end_of_record
TN:
SF:/Users/hackdom/Projects/ethereum-libraries/ArrayUtilsLib/truffle/contracts/Array8Lib.sol
FN:35,sumElements
FN:61,getMax
FN:90,getMin
FN:125,indexOf
FN:159,getParentI
FN:167,getLeftChildI
FN:174,heapSort
FN:236,uniq
FNF:8
FNH:8
FNDA:1,sumElements
FNDA:1,getMax
FNDA:1,getMin
FNDA:9,indexOf
FNDA:1,getParentI
FNDA:31,getLeftChildI
FNDA:1,heapSort
FNDA:1,uniq
DA:36,1
DA:37,1
DA:39,1
DA:62,1
DA:63,1
DA:65,1
DA:91,1
DA:92,1
DA:94,1
DA:129,9
DA:130,1
DA:131,1
DA:132,1
DA:133,1
DA:134,4
DA:135,4
DA:136,1
DA:137,1
DA:138,1
DA:140,2
DA:142,1
DA:146,8
DA:147,21
DA:148,8
DA:149,8
DA:150,8
DA:160,1
DA:161,1
DA:168,31
DA:169,31
DA:175,1
DA:176,1
DA:177,1
DA:178,1
DA:179,1
DA:180,1
DA:181,1
DA:182,1
DA:183,5
DA:184,5
DA:185,5
DA:186,7
DA:187,7
DA:188,7
DA:189,3
DA:190,7
DA:191,5
DA:192,7
DA:193,1
DA:195,6
DA:196,6
DA:197,6
DA:198,6
DA:199,6
DA:202,5
DA:203,1
DA:205,4
DA:207,1
DA:208,9
DA:209,9
DA:210,9
DA:211,9
DA:212,9
DA:213,9
DA:214,9
DA:215,14
DA:216,14
DA:217,14
DA:218,11
DA:219,14
DA:220,3
DA:221,14
DA:222,3
DA:224,11
DA:225,11
DA:226,11
DA:227,11
DA:228,11
DA:237,1
DA:238,1
DA:240,1
DA:241,8
DA:243,8
DA:244,3
DA:245,8
DA:248,3
DA:249,3
DA:250,3
DA:254,1
LF:89
LH:89
BRDA:129,1,0,1
BRDA:129,1,1,8
BRDA:135,2,0,1
BRDA:135,2,1,3
BRDA:139,3,0,2
BRDA:139,3,1,1
BRDA:147,4,0,8
BRDA:147,4,1,13
BRDA:188,5,0,3
BRDA:188,5,1,4
BRDA:190,6,0,5
BRDA:190,6,1,2
BRDA:192,7,0,1
BRDA:192,7,1,6
BRDA:202,8,0,1
BRDA:202,8,1,4
BRDA:217,9,0,11
BRDA:217,9,1,3
BRDA:219,10,0,3
BRDA:219,10,1,11
BRDA:221,11,0,3
BRDA:221,11,1,11
BRDA:243,12,0,3
BRDA:243,12,1,5
BRF:24
BRH:24
end_of_record
TN:
SF:/Users/hackdom/Projects/ethereum-libraries/ArrayUtilsLib/truffle/contracts/ArrayUtilsTestContract.sol
FN:27,getSumElements256
FN:36,getGetMaxMiddle256
FN:45,getGetMinMiddle256
FN:54,getSumElements128
FN:64,getSumElements64
FN:74,getSumElements32
FN:84,getSumElements16
FN:94,getSumElements8
FN:104,getGetMaxMiddle128
FN:115,getGetMaxMiddle64
FN:126,getGetMaxMiddle32
FN:137,getGetMaxMiddle16
FN:148,getGetMaxMiddle8
FN:159,getGetMinMiddle128
FN:168,getGetMinMiddle64
FN:177,getGetMinMiddle32
FN:186,getGetMinMiddle16
FN:195,getGetMinMiddle8
FNF:18
FNH:18
FNDA:1,getSumElements256
FNDA:1,getGetMaxMiddle256
FNDA:1,getGetMinMiddle256
FNDA:1,getSumElements128
FNDA:1,getSumElements64
FNDA:1,getSumElements32
FNDA:1,getSumElements16
FNDA:1,getSumElements8
FNDA:1,getGetMaxMiddle128
FNDA:1,getGetMaxMiddle64
FNDA:1,getGetMaxMiddle32
FNDA:1,getGetMaxMiddle16
FNDA:1,getGetMaxMiddle8
FNDA:1,getGetMinMiddle128
FNDA:1,getGetMinMiddle64
FNDA:1,getGetMinMiddle32
FNDA:1,getGetMinMiddle16
FNDA:1,getGetMinMiddle8
DA:28,1
DA:29,1
DA:30,1
DA:31,1
DA:32,1
DA:33,1
DA:37,1
DA:38,1
DA:39,1
DA:40,1
DA:41,1
DA:42,1
DA:46,1
DA:47,1
DA:48,1
DA:49,1
DA:50,1
DA:51,1
DA:55,1
DA:56,1
DA:57,1
DA:58,1
DA:59,1
DA:61,1
DA:65,1
DA:66,1
DA:67,1
DA:68,1
DA:69,1
DA:71,1
DA:75,1
DA:76,1
DA:77,1
DA:78,1
DA:79,1
DA:81,1
DA:85,1
DA:86,1
DA:87,1
DA:88,1
DA:89,1
DA:91,1
DA:95,1
DA:96,1
DA:97,1
DA:98,1
DA:99,1
DA:101,1
DA:105,1
DA:106,1
DA:107,1
DA:108,1
DA:109,1
DA:112,1
DA:116,1
DA:117,1
DA:118,1
DA:119,1
DA:120,1
DA:123,1
DA:127,1
DA:128,1
DA:129,1
DA:130,1
DA:131,1
DA:134,1
DA:138,1
DA:139,1
DA:140,1
DA:141,1
DA:142,1
DA:145,1
DA:149,1
DA:150,1
DA:151,1
DA:152,1
DA:153,1
DA:156,1
DA:160,1
DA:161,1
DA:162,1
DA:163,1
DA:164,1
DA:165,1
DA:169,1
DA:170,1
DA:171,1
DA:172,1
DA:173,1
DA:174,1
DA:178,1
DA:179,1
DA:180,1
DA:181,1
DA:182,1
DA:183,1
DA:187,1
DA:188,1
DA:189,1
DA:190,1
DA:191,1
DA:192,1
DA:196,1
DA:197,1
DA:198,1
DA:199,1
DA:200,1
DA:201,1
LF:108
LH:108
BRF:0
BRH:0
end_of_record
TN:
SF:/Users/hackdom/Projects/ethereum-libraries/ArrayUtilsLib/truffle/contracts/ArrayUtilsTestContractThree.sol
FN:27,getHeapSort256
FN:45,getHeapSort128
FN:63,getHeapSort64
FN:81,getHeapSort32
FN:99,getHeapSort16
FN:117,getHeapSort8
FN:135,getUniq8
FN:156,getUniq16
FN:179,getUniq32
FN:202,getUniq64
FN:225,getUniq128
FN:248,getUniq256
FNF:12
FNH:12
FNDA:1,getHeapSort256
FNDA:1,getHeapSort128
FNDA:1,getHeapSort64
FNDA:1,getHeapSort32
FNDA:1,getHeapSort16
FNDA:1,getHeapSort8
FNDA:1,getUniq8
FNDA:1,getUniq16
FNDA:1,getUniq32
FNDA:1,getUniq64
FNDA:1,getUniq128
FNDA:1,getUniq256
DA:28,1
DA:29,1
DA:30,1
DA:31,1
DA:32,1
DA:33,1
DA:34,1
DA:35,1
DA:36,1
DA:37,1
DA:38,1
DA:39,1
DA:40,1
DA:41,10
DA:46,1
DA:47,1
DA:48,1
DA:49,1
DA:50,1
DA:51,1
DA:52,1
DA:53,1
DA:54,1
DA:55,1
DA:56,1
DA:57,1
DA:58,1
DA:59,10
DA:64,1
DA:65,1
DA:66,1
DA:67,1
DA:68,1
DA:69,1
DA:70,1
DA:71,1
DA:72,1
DA:73,1
DA:74,1
DA:75,1
DA:76,1
DA:77,10
DA:82,1
DA:83,1
DA:84,1
DA:85,1
DA:86,1
DA:87,1
DA:88,1
DA:89,1
DA:90,1
DA:91,1
DA:92,1
DA:93,1
DA:94,1
DA:95,10
DA:100,1
DA:101,1
DA:102,1
DA:103,1
DA:104,1
DA:105,1
DA:106,1
DA:107,1
DA:108,1
DA:109,1
DA:110,1
DA:111,1
DA:112,1
DA:113,10
DA:118,1
DA:119,1
DA:120,1
DA:121,1
DA:122,1
DA:123,1
DA:124,1
DA:125,1
DA:126,1
DA:127,1
DA:128,1
DA:129,1
DA:130,1
DA:131,10
DA:136,1
DA:138,1
DA:140,1
DA:141,1
DA:142,1
DA:143,1
DA:144,1
DA:145,1
DA:146,1
DA:147,1
DA:149,1
DA:151,1
DA:152,5
DA:157,1
DA:159,1
DA:161,1
DA:162,1
DA:163,1
DA:164,1
DA:165,1
DA:166,1
DA:167,1
DA:168,1
DA:169,1
DA:170,1
DA:172,1
DA:174,1
DA:175,7
DA:180,1
DA:182,1
DA:184,1
DA:185,1
DA:186,1
DA:187,1
DA:188,1
DA:189,1
DA:190,1
DA:191,1
DA:192,1
DA:193,1
DA:195,1
DA:197,1
DA:198,7
DA:203,1
DA:205,1
DA:207,1
DA:208,1
DA:209,1
DA:210,1
DA:211,1
DA:212,1
DA:213,1
DA:214,1
DA:215,1
DA:216,1
DA:218,1
DA:220,1
DA:221,7
DA:226,1
DA:228,1
DA:230,1
DA:231,1
DA:232,1
DA:233,1
DA:234,1
DA:235,1
DA:236,1
DA:237,1
DA:238,1
DA:239,1
DA:241,1
DA:243,1
DA:244,7
DA:249,1
DA:251,1
DA:253,1
DA:254,1
DA:255,1
DA:256,1
DA:257,1
DA:258,1
DA:259,1
DA:260,1
DA:261,1
DA:262,1
DA:264,1
DA:266,1
DA:267,7
LF:172
LH:172
BRF:0
BRH:0
end_of_record
TN:
SF:/Users/hackdom/Projects/ethereum-libraries/ArrayUtilsLib/truffle/contracts/ArrayUtilsTestContractTwo.sol
FN:27,getSortedIndexOf256
FN:39,getSortedIndexOf128
FN:55,getSortedIndexOf64
FN:71,getSortedIndexOf32
FN:87,getSortedIndexOf16
FN:103,getSortedIndexOf8
FN:119,getUnsortedIndexOf256
FN:130,getUnsortedIndexOf64
FN:142,getUnsortedIndexOf128
FN:153,getNoIndexOf256
FN:164,getNoIndexOf128
FN:175,getNoIndexOf64
FNF:12
FNH:10
FNDA:3,getSortedIndexOf256
FNDA:4,getSortedIndexOf128
FNDA:1,getSortedIndexOf64
FNDA:1,getSortedIndexOf32
FNDA:1,getSortedIndexOf16
FNDA:1,getSortedIndexOf8
FNDA:3,getUnsortedIndexOf256
FNDA:1,getUnsortedIndexOf64
FNDA:0,getUnsortedIndexOf128
FNDA:2,getNoIndexOf256
FNDA:0,getNoIndexOf128
FNDA:1,getNoIndexOf64
DA:28,3
DA:29,3
DA:30,3
DA:31,3
DA:32,3
DA:33,3
DA:34,3
DA:35,3
DA:36,3
DA:40,4
DA:41,4
DA:42,4
DA:43,4
DA:44,4
DA:45,4
DA:46,4
DA:47,4
DA:48,4
DA:49,4
DA:50,4
DA:51,4
DA:52,4
DA:56,1
DA:57,1
DA:58,1
DA:59,1
DA:60,1
DA:61,1
DA:62,1
DA:63,1
DA:64,1
DA:65,1
DA:66,1
DA:67,1
DA:68,1
DA:72,1
DA:73,1
DA:74,1
DA:75,1
DA:76,1
DA:77,1
DA:78,1
DA:79,1
DA:80,1
DA:81,1
DA:82,1
DA:83,1
DA:84,1
DA:88,1
DA:89,1
DA:90,1
DA:91,1
DA:92,1
DA:93,1
DA:94,1
DA:95,1
DA:96,1
DA:97,1
DA:98,1
DA:99,1
DA:100,1
DA:104,1
DA:105,1
DA:106,1
DA:107,1
DA:108,1
DA:109,1
DA:110,1
DA:111,1
DA:112,1
DA:113,1
DA:114,1
DA:115,1
DA:116,1
DA:120,3
DA:121,3
DA:122,3
DA:123,3
DA:124,3
DA:125,3
DA:126,3
DA:127,3
DA:131,1
DA:132,1
DA:133,1
DA:134,1
DA:135,1
DA:136,1
DA:137,1
DA:138,1
DA:143,0
DA:144,0
DA:145,0
DA:146,0
DA:147,0
DA:148,0
DA:149,0
DA:150,0
DA:154,2
DA:155,2
DA:156,2
DA:157,2
DA:158,2
DA:159,2
DA:160,2
DA:161,2
DA:165,0
DA:166,0
DA:167,0
DA:168,0
DA:169,0
DA:170,0
DA:171,0
DA:172,0
DA:176,1
DA:177,1
DA:178,1
DA:179,1
DA:180,1
DA:181,1
DA:182,1
DA:183,1
LF:122
LH:106
BRF:0
BRH:0
end_of_record
